starting training!
training started
6.396654486656189
0.7107393874062432
train loss = 0, group 0 -  0.6953951252831353
train loss = 0, group 1 -  0.7082169651985168
train loss = 0, group 2 -  0.7232124474313524
train loss = 0, group 3 -  0.7174586455027262
val loop
1.5233760476112366
0.7616880238056183
6.249253809452057
0.6943615343835619
train loss = 1, group 0 -  0.6820409231715732
train loss = 1, group 1 -  0.6889857649803162
train loss = 1, group 2 -  0.7028316855430603
train loss = 1, group 3 -  0.7022725873523288
val loop
1.5093550086021423
0.7546775043010712
6.186926782131195
0.6874363091256883
train loss = 2, group 0 -  0.6751629511515299
train loss = 2, group 1 -  0.6881643136342367
train loss = 2, group 2 -  0.6933856209119161
train loss = 2, group 3 -  0.6925355527136061
val loop
1.5092517733573914
0.7546258866786957
6.111174643039703
0.6790194047821893
train loss = 3, group 0 -  0.6783950328826904
train loss = 3, group 1 -  0.6762482192781236
train loss = 3, group 2 -  0.6843660871187845
train loss = 3, group 3 -  0.6794217361344231
val loop
1.5120970010757446
0.7560485005378723
6.042342662811279
0.6713714069790311
train loss = 4, group 0 -  0.6731393602159288
train loss = 4, group 1 -  0.6674054397477044
train loss = 4, group 2 -  0.6779522167311774
train loss = 4, group 3 -  0.6683120926221212
val loop
1.4553831219673157
0.7276915609836578
6.001007974147797
0.6667786637941996
train loss = 5, group 0 -  0.6659170256720649
train loss = 5, group 1 -  0.6798337830437554
train loss = 5, group 2 -  0.6776337491141425
train loss = 5, group 3 -  0.6455662051836649
val loop
1.3891538381576538
0.6945769190788269
5.914038240909576
0.6571153601010641
train loss = 6, group 0 -  0.6701448228624132
train loss = 6, group 1 -  0.6619518796602885
train loss = 6, group 2 -  0.6638667980829874
train loss = 6, group 3 -  0.6301870610978868
val loop
1.3810670375823975
0.6905335187911987
5.892556726932526
0.654728525214725
train loss = 7, group 0 -  0.6586396627955966
train loss = 7, group 1 -  0.6694631775220236
train loss = 7, group 2 -  0.6513393455081515
train loss = 7, group 3 -  0.6355890896585252
val loop
1.3432239890098572
0.6716119945049286
5.813201487064362
0.6459112763404846
train loss = 8, group 0 -  0.6634660098287795
train loss = 8, group 1 -  0.652434786160787
train loss = 8, group 2 -  0.6490205725034078
train loss = 8, group 3 -  0.6180282831192017
val loop
1.2844558358192444
0.6422279179096222
5.769595205783844
0.6410661339759827
train loss = 9, group 0 -  0.6577891773647733
train loss = 9, group 1 -  0.6541681819491916
train loss = 9, group 2 -  0.6429489453633627
train loss = 9, group 3 -  0.6091093288527595
val loop
1.2864795923233032
0.6432397961616516
5.674860119819641
0.6305400133132935
train loss = 10, group 0 -  0.6580478482776217
train loss = 10, group 1 -  0.6468753880924649
train loss = 10, group 2 -  0.6249213351143731
train loss = 10, group 3 -  0.588637027475569
val loop
1.2777698040008545
0.6388849020004272
