starting training!
training started
15.214877307415009
0.6915853321552277
train loss = 0, group 0 -  0.6566332876682281
train loss = 0, group 1 -  0.7111197330734946
train loss = 0, group 2 -  0.7275386831977151
train loss = 0, group 3 -  0.6709068796851418
val loop
3.4237833619117737
0.6847566723823547
14.817941546440125
0.6735427975654602
train loss = 1, group 0 -  0.6873901405117728
train loss = 1, group 1 -  0.6509594917297363
train loss = 1, group 2 -  0.6657928201285276
train loss = 1, group 3 -  0.6882432346994226
val loop
3.4113651514053345
0.6822730302810669
14.610954642295837
0.6641343019225381
train loss = 2, group 0 -  0.6612216044556011
train loss = 2, group 1 -  0.6507849991321564
train loss = 2, group 2 -  0.6779167435385964
train loss = 2, group 3 -  0.6657670384103601
val loop
3.2571508288383484
0.6514301657676697
14.393388271331787
0.6542449214241721
train loss = 3, group 0 -  0.6628300493413751
train loss = 3, group 1 -  0.6306662315672095
train loss = 3, group 2 -  0.6638937836343591
train loss = 3, group 3 -  0.6570192385803569
val loop
3.188471019268036
0.6376942038536072
14.131136000156403
0.6423243636434729
train loss = 4, group 0 -  0.6520637409253554
train loss = 4, group 1 -  0.6090596264058893
train loss = 4, group 2 -  0.6427732678976926
train loss = 4, group 3 -  0.6641488942232999
val loop
3.12327778339386
0.6246555566787719
13.87627226114273
0.6307396482337605
train loss = 5, group 0 -  0.6184702569788153
train loss = 5, group 1 -  0.6167847161943262
train loss = 5, group 2 -  0.6705952747301622
train loss = 5, group 3 -  0.6151642392982136
val loop
3.026862144470215
0.605372428894043
13.486717402935028
0.6130326092243195
train loss = 6, group 0 -  0.6145196611231024
train loss = 6, group 1 -  0.572926171801307
train loss = 6, group 2 -  0.644794678146189
train loss = 6, group 3 -  0.6167337000370026
val loop
2.940804421901703
0.5881608843803405
13.336565792560577
0.6062075360254808
train loss = 7, group 0 -  0.6065056676214392
train loss = 7, group 1 -  0.5701792727817189
train loss = 7, group 2 -  0.631651604717428
train loss = 7, group 3 -  0.6111395521597429
val loop
2.892083764076233
0.5784167528152466
13.006855309009552
0.5912206958640706
train loss = 8, group 0 -  0.5821084434335883
train loss = 8, group 1 -  0.5564902465451848
train loss = 8, group 2 -  0.6340134875340895
train loss = 8, group 3 -  0.5880761552940715
val loop
2.767733097076416
0.5535466194152832
12.80713838338852
0.5821426537903872
train loss = 9, group 0 -  0.5668943524360657
train loss = 9, group 1 -  0.5449363873763517
train loss = 9, group 2 -  0.6094675009900873
train loss = 9, group 3 -  0.6045663194222883
val loop
2.7762433290481567
0.5552486658096314
12.53902006149292
0.5699554573405873
train loss = 10, group 0 -  0.551565021276474
train loss = 10, group 1 -  0.5366879241033033
train loss = 10, group 2 -  0.6093196029012854
train loss = 10, group 3 -  0.570717987689105
val loop
2.725172698497772
0.5450345396995544
12.358856081962585
0.5617661855437539
train loss = 11, group 0 -  0.5539062876592983
train loss = 11, group 1 -  0.5152149633927778
train loss = 11, group 2 -  0.5830202509056438
train loss = 11, group 3 -  0.5889059874144468
val loop
2.720591902732849
0.5441183805465698
12.31181114912033
0.5596277795054696
train loss = 12, group 0 -  0.5410459949211641
train loss = 12, group 1 -  0.5269990874962374
train loss = 12, group 2 -  0.5900820276953957
train loss = 12, group 3 -  0.5784412107684396
val loop
2.729809880256653
0.5459619760513306
11.907478243112564
0.5412490110505711
train loss = 13, group 0 -  0.5119116279211912
train loss = 13, group 1 -  0.5131156011061235
train loss = 13, group 2 -  0.5611141581426967
train loss = 13, group 3 -  0.5734576406803998
val loop
2.6264342069625854
0.5252868413925171
12.016382217407227
0.5461991917003285
train loss = 14, group 0 -  0.5400192276997999
train loss = 14, group 1 -  0.4878732887181369
train loss = 14, group 2 -  0.584334063259038
train loss = 14, group 3 -  0.563254329291257
val loop
2.699108302593231
0.5398216605186462
11.694000095129013
0.5315454588695006
train loss = 15, group 0 -  0.4955400689081712
train loss = 15, group 1 -  0.5014433359557932
train loss = 15, group 2 -  0.561107722195712
train loss = 15, group 3 -  0.5518253445625305
val loop
2.6305189430713654
0.5261037886142731
11.569930702447891
0.5259059410203587
train loss = 16, group 0 -  0.4985003837130286
train loss = 16, group 1 -  0.49480322003364563
train loss = 16, group 2 -  0.556914127685807
train loss = 16, group 3 -  0.5420508249239488
val loop
2.703575909137726
0.5407151818275452
11.361842781305313
0.5164473991502415
train loss = 17, group 0 -  0.5195165046236732
train loss = 17, group 1 -  0.46900143406607886
train loss = 17, group 2 -  0.5407780869440599
train loss = 17, group 3 -  0.5335757542740215
val loop
2.5451434552669525
0.5090286910533905
11.14635655283928
0.5066525705836036
train loss = 18, group 0 -  0.470512792468071
train loss = 18, group 1 -  0.4705594222653996
train loss = 18, group 2 -  0.5451366020874544
train loss = 18, group 3 -  0.5212542319839651
val loop
2.7531684041023254
0.550633680820465
11.105833232402802
0.5048106014728546
train loss = 19, group 0 -  0.47855371643196454
train loss = 19, group 1 -  0.4614813422614878
train loss = 19, group 2 -  0.5445471026680686
train loss = 19, group 3 -  0.5208134691823613
val loop
2.828091263771057
0.5656182527542114
11.00680923461914
0.5003095106645064
train loss = 20, group 0 -  0.49020829932256177
train loss = 20, group 1 -  0.4665508825670589
train loss = 20, group 2 -  0.5186462280425158
train loss = 20, group 3 -  0.5166893791068684
val loop
2.542134404182434
0.5084268808364868
10.941512435674667
0.4973414743488485
train loss = 21, group 0 -  0.49760801006447186
train loss = 21, group 1 -  0.44582778350873425
train loss = 21, group 2 -  0.5254666520790621
train loss = 21, group 3 -  0.5108934586698358
val loop
2.4488988518714905
0.4897797703742981
10.691327571868896
0.48596943508494983
train loss = 22, group 0 -  0.4526031870733608
train loss = 22, group 1 -  0.4518378851088611
train loss = 22, group 2 -  0.5270982980728149
train loss = 22, group 3 -  0.5091021982106295
val loop
2.539295107126236
0.5078590214252472
10.496757358312607
0.4771253344687549
train loss = 23, group 0 -  0.4470542032610286
train loss = 23, group 1 -  0.4361704073169015
train loss = 23, group 2 -  0.501783937215805
train loss = 23, group 3 -  0.5138679959557273
val loop
2.584654450416565
0.5169308900833129
10.773265898227692
0.4896939044648951
train loss = 24, group 0 -  0.46018701927228406
train loss = 24, group 1 -  0.4514004764231769
train loss = 24, group 2 -  0.5274657986380837
train loss = 24, group 3 -  0.5121388652107932
val loop
2.5938834249973297
0.5187766849994659
10.359711647033691
0.4708959839560769
train loss = 25, group 0 -  0.47285444899038837
train loss = 25, group 1 -  0.4251533082940362
train loss = 25, group 2 -  0.4913244897669012
train loss = 25, group 3 -  0.48926996236497705
val loop
2.6429812908172607
0.5285962581634521
10.302314102649689
0.46828700466589496
train loss = 26, group 0 -  0.43706075711683795
train loss = 26, group 1 -  0.42876632240685547
train loss = 26, group 2 -  0.5185928371819583
train loss = 26, group 3 -  0.491236148910089
val loop
2.650535523891449
0.5301071047782898
10.47891953587532
0.4763145243579691
train loss = 27, group 0 -  0.4431051842191003
train loss = 27, group 1 -  0.44628551466898486
train loss = 27, group 2 -  0.48424076356671075
train loss = 27, group 3 -  0.5279886803843759
val loop
3.1264527440071106
0.6252905488014221
10.412844449281693
0.473311111330986
train loss = 28, group 0 -  0.4684546562758359
train loss = 28, group 1 -  0.4243770289150151
train loss = 28, group 2 -  0.5155387818813324
train loss = 28, group 3 -  0.47191444581205194
val loop
2.5141775012016296
0.502835500240326
10.373673468828201
0.4715306122194637
train loss = 29, group 0 -  0.43712756579572504
train loss = 29, group 1 -  0.43497647751461377
train loss = 29, group 2 -  0.5048109482635151
train loss = 29, group 3 -  0.5034025799144398
val loop
2.860502243041992
0.5721004486083985
10.377042263746262
0.4716837392611937
train loss = 30, group 0 -  0.449655298482288
train loss = 30, group 1 -  0.4416268237612464
train loss = 30, group 2 -  0.492349082773382
train loss = 30, group 3 -  0.49185432629151776
val loop
2.346985846757889
0.46939716935157777
10.168551802635193
0.4622069001197815
train loss = 31, group 0 -  0.44790513000705023
train loss = 31, group 1 -  0.4236250262368809
train loss = 31, group 2 -  0.48176568475636566
train loss = 31, group 3 -  0.4845131662758914
val loop
3.159922242164612
0.6319844484329223
10.154204189777374
0.46155473589897156
train loss = 32, group 0 -  0.44693722372705286
train loss = 32, group 1 -  0.42267563194036484
train loss = 32, group 2 -  0.4906996109268882
train loss = 32, group 3 -  0.4756582650271329
val loop
2.770758807659149
0.5541517615318299
10.386135220527649
0.4720970554785295
train loss = 33, group 0 -  0.43772441013292834
train loss = 33, group 1 -  0.4366448846730319
train loss = 33, group 2 -  0.4924040152267976
train loss = 33, group 3 -  0.5068784261291678
val loop
2.9321463108062744
0.5864292621612549
10.865606307983398
0.4938911958174272
train loss = 34, group 0 -  0.4573178413239392
train loss = 34, group 1 -  0.4712457683953372
train loss = 34, group 2 -  0.530323023145849
train loss = 34, group 3 -  0.5094846026463942
val loop
5.444130182266235
1.0888260364532472
10.545441091060638
0.4793382314118472
train loss = 35, group 0 -  0.46673365885561163
train loss = 35, group 1 -  0.4436521259221164
train loss = 35, group 2 -  0.494613146240061
train loss = 35, group 3 -  0.49637422371994366
val loop
2.422067642211914
0.48441352844238283
10.729692995548248
0.4877133179794658
train loss = 36, group 0 -  0.45604523745450104
train loss = 36, group 1 -  0.4710690040480007
train loss = 36, group 2 -  0.5219490175897424
train loss = 36, group 3 -  0.4869801022789695
val loop
2.8925997018814087
0.5785199403762817
10.228226274251938
0.46491937610236084
train loss = 37, group 0 -  0.43941305442289874
train loss = 37, group 1 -  0.42972311648455536
train loss = 37, group 2 -  0.5037851347164675
train loss = 37, group 3 -  0.4849240170283751
val loop
2.302753299474716
0.46055065989494326
10.380637019872665
0.47184713726693933
train loss = 38, group 0 -  0.46976918523961847
train loss = 38, group 1 -  0.43156040798534046
train loss = 38, group 2 -  0.4847615930167111
train loss = 38, group 3 -  0.4916562194173986
val loop
3.2417460680007935
0.6483492136001587
10.452710896730423
0.4751232225786556
train loss = 39, group 0 -  0.44394080205397174
train loss = 39, group 1 -  0.43003296852111816
train loss = 39, group 2 -  0.507058394226161
train loss = 39, group 3 -  0.5133078829808668
val loop
2.399275690317154
0.4798551380634308
10.468556761741638
0.47584348917007446
train loss = 40, group 0 -  0.46308339454910974
train loss = 40, group 1 -  0.42395703765479004
train loss = 40, group 2 -  0.510642024603757
train loss = 40, group 3 -  0.4840056828477166
val loop
2.585339665412903
0.5170679330825806
10.299191534519196
0.4681450697508725
train loss = 41, group 0 -  0.44683515483682806
train loss = 41, group 1 -  0.4181239198554646
train loss = 41, group 2 -  0.48421365970915015
train loss = 41, group 3 -  0.5077768821607936
val loop
2.714983642101288
0.5429967284202576
10.384189933538437
0.47200863334265625
train loss = 42, group 0 -  0.4346695420416919
train loss = 42, group 1 -  0.4507715255022049
train loss = 42, group 2 -  0.49522224881432275
train loss = 42, group 3 -  0.4969981177286668
val loop
3.0109604597091675
0.6021920919418335
10.1318219602108
0.46053736182776367
train loss = 43, group 0 -  0.4357581612738696
train loss = 43, group 1 -  0.4116025445136157
train loss = 43, group 2 -  0.4942745701833205
train loss = 43, group 3 -  0.4849640185182745
val loop
3.5463701486587524
0.7092740297317505
10.366580218076706
0.47120819173075934
train loss = 44, group 0 -  0.4376779239286076
train loss = 44, group 1 -  0.44800821894949133
train loss = 44, group 2 -  0.48973931643095886
train loss = 44, group 3 -  0.5016148063269529
val loop
2.7499536275863647
0.5499907255172729
10.34029570221901
0.47001344100995496
train loss = 45, group 0 -  0.443687919865955
train loss = 45, group 1 -  0.4393095753409646
train loss = 45, group 2 -  0.5101965151049874
train loss = 45, group 3 -  0.4832607290961526
val loop
3.15341717004776
0.630683434009552
10.303341895341873
0.4683337225155397
train loss = 46, group 0 -  0.4390810457142917
train loss = 46, group 1 -  0.43975888057188556
train loss = 46, group 2 -  0.49215164238756354
train loss = 46, group 3 -  0.49212283437902277
val loop
2.474245995283127
0.4948491990566254
10.264445900917053
0.46656572276895697
train loss = 47, group 0 -  0.4632041549140757
train loss = 47, group 1 -  0.4326296110044826
train loss = 47, group 2 -  0.4746862744743174
train loss = 47, group 3 -  0.47528794001449237
val loop
2.6462590098381042
0.5292518019676209
10.371191293001175
0.47141778604550794
train loss = 48, group 0 -  0.4603950652209195
train loss = 48, group 1 -  0.4309388182379983
train loss = 48, group 2 -  0.47346148707649927
train loss = 48, group 3 -  0.5074084563688799
val loop
3.3544538617134094
0.6708907723426819
10.025953650474548
0.4557251659306613
train loss = 49, group 0 -  0.41263375092636456
train loss = 49, group 1 -  0.4283160784027793
train loss = 49, group 2 -  0.49503868140957574
train loss = 49, group 3 -  0.47470303015275434
val loop
2.60872483253479
0.521744966506958
10.384393364191055
0.4720178801905025
train loss = 50, group 0 -  0.46944173357703467
train loss = 50, group 1 -  0.4123025577176701
train loss = 50, group 2 -  0.48563699424266815
train loss = 50, group 3 -  0.508961708708243
val loop
3.0560200810432434
0.6112040162086487
10.026641935110092
0.45575645159591327
train loss = 51, group 0 -  0.42383286356925964
train loss = 51, group 1 -  0.43185967342420056
train loss = 51, group 2 -  0.4875984923406081
train loss = 51, group 3 -  0.46185779300602997
val loop
2.6944262385368347
0.5388852477073669
10.643929064273834
0.4838149574669925
train loss = 52, group 0 -  0.4424607672474601
train loss = 52, group 1 -  0.4725127843293277
train loss = 52, group 2 -  0.49943120642141864
train loss = 52, group 3 -  0.5103088278662075
val loop
3.46339750289917
0.692679500579834
10.462289869785309
0.47555863044478675
train loss = 53, group 0 -  0.4620073708620938
train loss = 53, group 1 -  0.4368822371417826
train loss = 53, group 2 -  0.5070497610352256
train loss = 53, group 3 -  0.5029873766682365
val loop
2.2990927696228027
0.45981855392456056
10.274984389543533
0.4670447449792515
train loss = 54, group 0 -  0.44625492935830896
train loss = 54, group 1 -  0.42016880214214325
train loss = 54, group 2 -  0.4741427248174494
train loss = 54, group 3 -  0.5048414306207136
val loop
2.9630967378616333
0.5926193475723267
10.367198318243027
0.47123628719286487
train loss = 55, group 0 -  0.4319284964691509
train loss = 55, group 1 -  0.4504623318260366
train loss = 55, group 2 -  0.5049080577763644
train loss = 55, group 3 -  0.4831035706129941
val loop
2.724890172481537
0.5449780344963073
10.32191812992096
0.46917809681458905
train loss = 56, group 0 -  0.4381285004995086
train loss = 56, group 1 -  0.4280268129977313
train loss = 56, group 2 -  0.48031733252785425
train loss = 56, group 3 -  0.530272903767499
val loop
4.252133309841156
0.8504266619682312
10.660323739051819
0.4845601699569009
train loss = 57, group 0 -  0.45136336846785113
train loss = 57, group 1 -  0.46761396391825244
train loss = 57, group 2 -  0.5322997651316903
train loss = 57, group 3 -  0.4794359803199768
val loop
3.281196653842926
0.6562393307685852
