wandb: Currently logged in as: pooja-aryamane (suff-nuisance-stats). Use `wandb login --relogin` to force relogin
wandb: wandb version 0.17.3 is available!  To upgrade, please run:
wandb:  $ pip install wandb --upgrade
wandb: Tracking run with wandb version 0.16.0
wandb: Run data is saved locally in /scratch/paa9751/mlhc-project/wandb/run-20240701_193209-4af79t4g
wandb: Run `wandb offline` to turn off syncing.
wandb: Syncing run epochs_3+batch_size_4+lr_1e-05+wd_0.001
wandb: ⭐️ View project at https://wandb.ai/suff-nuisance-stats/mnli-stage1
wandb: 🚀 View run at https://wandb.ai/suff-nuisance-stats/mnli-stage1/runs/4af79t4g
Some weights of BertForSequenceClassification were not initialized from the model checkpoint at bert-base-uncased and are newly initialized: ['classifier.bias', 'classifier.weight']
You should probably TRAIN this model on a down-stream task to be able to use it for predictions and inference.
Traceback (most recent call last):
  File "/scratch/paa9751/mlhc-project/BalancingGroups/train-stage1.py", line 262, in <module>
    run_experiment(command)
  File "/scratch/paa9751/mlhc-project/BalancingGroups/train-stage1.py", line 191, in run_experiment
    model_loaded = model.load(best_checkpoint_file)
                   ^^^^^^^^^^^^^^^^^^^^^^^^^^^^^^^^
  File "/scratch/paa9751/mlhc-project/BalancingGroups/models.py", line 212, in load
    dicts = torch.load(fname)
            ^^^^^^^^^^^^^^^^^
  File "/ext3/miniconda3/lib/python3.11/site-packages/torch/serialization.py", line 986, in load
    with _open_file_like(f, 'rb') as opened_file:
         ^^^^^^^^^^^^^^^^^^^^^^^^
  File "/ext3/miniconda3/lib/python3.11/site-packages/torch/serialization.py", line 435, in _open_file_like
    return _open_file(name_or_buffer, mode)
           ^^^^^^^^^^^^^^^^^^^^^^^^^^^^^^^^
  File "/ext3/miniconda3/lib/python3.11/site-packages/torch/serialization.py", line 416, in __init__
    super().__init__(open(name, mode))
                     ^^^^^^^^^^^^^^^^
FileNotFoundError: [Errno 2] No such file or directory: 'mnli_out_new/best_epochs_3+batch_size_4+lr_1e-05+wd_0.001'
wandb: 
wandb: Run history:
wandb:     avg_acc_te ▁▆█
wandb:     avg_acc_tr ▁▅█
wandb:     avg_acc_va ▁▆█
wandb: avg_train_loss █▃▁
wandb:   avg_val_loss █▃▁
wandb: 
wandb: Run summary:
wandb:     avg_acc_te 0.54565
wandb:     avg_acc_tr 0.5519
wandb:     avg_acc_va 0.54757
wandb: avg_train_loss 0.94581
wandb:   avg_val_loss 0.93593
wandb: 
wandb: 🚀 View run epochs_3+batch_size_4+lr_1e-05+wd_0.001 at: https://wandb.ai/suff-nuisance-stats/mnli-stage1/runs/4af79t4g
wandb: ️⚡ View job at https://wandb.ai/suff-nuisance-stats/mnli-stage1/jobs/QXJ0aWZhY3RDb2xsZWN0aW9uOjE4Njg4MTIwMg==/version_details/v4
wandb: Synced 6 W&B file(s), 0 media file(s), 0 artifact file(s) and 0 other file(s)
wandb: Find logs at: ./wandb/run-20240701_193209-4af79t4g/logs
