TRAINING STARTED
training epoch :  0
2783.0653285980225 seconds for 1 epoch
val loop
[0.0, 8589.0, 8507.0, 288.0, 2559.0, 8345.0, 8519.0, 8329.0, 0.0, 322.0, 0.0, 0.0, 0.0, 0.0, 0.0, 0.0, 8464.0, 0.0, 2.0, 7532.0, 6576.0, 0.0, 35.0, 170.0]
[8396.0, 8589.0, 8507.0, 8524.0, 8503.0, 8345.0, 8519.0, 8473.0, 8505.0, 8419.0, 8522.0, 8545.0, 8593.0, 8456.0, 8644.0, 8471.0, 8464.0, 8527.0, 8542.0, 8260.0, 8495.0, 8607.0, 8588.0, 8581.0]
[0.0, 35.0, 22873.0, 3.0, 45.0, 3596.0, 335.0, 151.0, 0.0, 0.0, 0.0, 0.0, 0.0, 0.0, 0.0, 0.0, 18.0, 0.0, 0.0, 133.0, 90.0, 0.0, 1.0, 6.0]
[6.0, 35.0, 22873.0, 170.0, 135.0, 3596.0, 336.0, 151.0, 20736.0, 4.0, 14.0, 5677.0, 644.0, 12.0, 34.0, 53.0, 20.0, 17157.0, 1840.0, 143.0, 138.0, 6717.0, 764.0, 385.0]
[0.0, 58.0, 34436.0, 3.0, 62.0, 5311.0, 495.0, 232.0, 0.0, 0.0, 0.0, 0.0, 0.0, 0.0, 0.0, 0.0, 25.0, 0.0, 0.0, 196.0, 151.0, 0.0, 1.0, 5.0]
[10.0, 58.0, 34436.0, 309.0, 195.0, 5311.0, 497.0, 233.0, 31143.0, 16.0, 26.0, 8543.0, 920.0, 19.0, 59.0, 102.0, 25.0, 25818.0, 2704.0, 209.0, 214.0, 9939.0, 1118.0, 554.0]
0.3342234198922097
best saved average accuracy
best saved worst group 
{"args": {"output_dir": "mnli_out_stage2", "slurm_output_dir": "slurm_outputs", "data_path": "/scratch/paa9751/mlhc-project/new_data", "slurm_partition": null, "max_time": 4320, "num_hparams_seeds": 1, "num_init_seeds": 1, "batch_size": 4, "num_epochs": 40, "weight_decay": 0.001, "lr": 1e-05, "selector": "avg_acc_va", "groupcname": "sns_16", "projectname": "mnli-truegroupDRO", "dataset": "multinli", "method": "dro", "hparams_seed": 0, "eta": 0.1, "up": 6, "T": 2, "init_seed": 0}, "epoch": 0, "time": 2986.8615550994873, "acc_tr": [0.0, 1.0, 1.0, 0.0337869544814641, 0.30095260496295423, 1.0, 1.0, 0.9830048389000354, 0.0, 0.038246822663024115, 0.0, 0.0, 0.0, 0.0, 0.0, 0.0, 1.0, 0.0, 0.00023413720440177945, 0.911864406779661, 0.774102413184226, 0.0, 0.004075454122030741, 0.019811210814590374], "avg_acc_tr": 0.3343721670954306, "acc_va": [0.0, 1.0, 1.0, 0.01764705882352941, 0.3333333333333333, 1.0, 0.9970238095238095, 1.0, 0.0, 0.0, 0.0, 0.0, 0.0, 0.0, 0.0, 0.0, 0.9, 0.0, 0.0, 0.9300699300699301, 0.6521739130434783, 0.0, 0.0013089005235602095, 0.015584415584415584], "avg_acc_va": 0.3342234198922097, "acc_te": [0.0, 1.0, 1.0, 0.009708737864077669, 0.31794871794871793, 1.0, 0.9959758551307847, 0.9957081545064378, 0.0, 0.0, 0.0, 0.0, 0.0, 0.0, 0.0, 0.0, 1.0, 0.0, 0.0, 0.937799043062201, 0.705607476635514, 0.0, 0.0008944543828264759, 0.009025270758122744], "avg_acc_te": 0.33460451746721326}
checkpoint saved
training epoch :  1
2860.689312696457 seconds for 1 epoch
val loop
[3003.0, 8000.0, 4608.0, 4216.0, 1724.0, 7787.0, 1066.0, 619.0, 2.0, 7805.0, 7903.0, 437.0, 3294.0, 8112.0, 7740.0, 7152.0, 0.0, 4804.0, 32.0, 89.0, 567.0, 67.0, 52.0, 109.0]
[8586.0, 8716.0, 8488.0, 8459.0, 8559.0, 8412.0, 8478.0, 8429.0, 8514.0, 8419.0, 8481.0, 8458.0, 8585.0, 8438.0, 8546.0, 8546.0, 8296.0, 8492.0, 8599.0, 8685.0, 8381.0, 8532.0, 8462.0, 8514.0]
[4.0, 32.0, 12249.0, 89.0, 29.0, 3303.0, 39.0, 6.0, 13.0, 4.0, 14.0, 279.0, 238.0, 12.0, 31.0, 42.0, 0.0, 9843.0, 8.0, 3.0, 6.0, 69.0, 8.0, 6.0]
[6.0, 35.0, 22873.0, 170.0, 135.0, 3596.0, 336.0, 151.0, 20736.0, 4.0, 14.0, 5677.0, 644.0, 12.0, 34.0, 53.0, 20.0, 17157.0, 1840.0, 143.0, 138.0, 6717.0, 764.0, 385.0]
[5.0, 57.0, 18493.0, 158.0, 46.0, 4893.0, 53.0, 14.0, 15.0, 14.0, 24.0, 442.0, 338.0, 18.0, 49.0, 91.0, 0.0, 14654.0, 6.0, 1.0, 17.0, 66.0, 8.0, 8.0]
[10.0, 58.0, 34436.0, 309.0, 195.0, 5311.0, 497.0, 233.0, 31143.0, 16.0, 26.0, 8543.0, 920.0, 19.0, 59.0, 102.0, 25.0, 25818.0, 2704.0, 209.0, 214.0, 9939.0, 1118.0, 554.0]
0.3224767270945615
best saved worst group 
training epoch :  2
2827.009242296219 seconds for 1 epoch
val loop
[5365.0, 3162.0, 2218.0, 5549.0, 3586.0, 2654.0, 3153.0, 2256.0, 4864.0, 6948.0, 7233.0, 1073.0, 1285.0, 6904.0, 6040.0, 5155.0, 0.0, 6060.0, 6016.0, 155.0, 332.0, 6835.0, 4771.0, 3218.0]
[8377.0, 8678.0, 8558.0, 8427.0, 8525.0, 8589.0, 8515.0, 8586.0, 8622.0, 8530.0, 8473.0, 8423.0, 8422.0, 8536.0, 8354.0, 8646.0, 8461.0, 8422.0, 8549.0, 8451.0, 8425.0, 8540.0, 8500.0, 8466.0]
[6.0, 10.0, 5869.0, 107.0, 63.0, 1180.0, 118.0, 39.0, 11474.0, 3.0, 9.0, 800.0, 85.0, 7.0, 23.0, 28.0, 0.0, 12256.0, 1284.0, 3.0, 10.0, 5359.0, 429.0, 152.0]
[6.0, 35.0, 22873.0, 170.0, 135.0, 3596.0, 336.0, 151.0, 20736.0, 4.0, 14.0, 5677.0, 644.0, 12.0, 34.0, 53.0, 20.0, 17157.0, 1840.0, 143.0, 138.0, 6717.0, 764.0, 385.0]
[8.0, 21.0, 8910.0, 198.0, 97.0, 1608.0, 188.0, 61.0, 17365.0, 11.0, 20.0, 1160.0, 128.0, 13.0, 41.0, 67.0, 0.0, 18457.0, 1882.0, 4.0, 10.0, 7979.0, 629.0, 215.0]
[10.0, 58.0, 34436.0, 309.0, 195.0, 5311.0, 497.0, 233.0, 31143.0, 16.0, 26.0, 8543.0, 920.0, 19.0, 59.0, 102.0, 25.0, 25818.0, 2704.0, 209.0, 214.0, 9939.0, 1118.0, 554.0]
0.4815531602155806
best saved average accuracy
best saved worst group 
training epoch :  3
2604.660878419876 seconds for 1 epoch
val loop
[5924.0, 3046.0, 4900.0, 5991.0, 5326.0, 3455.0, 4435.0, 4552.0, 6199.0, 4425.0, 5829.0, 5423.0, 5263.0, 6268.0, 5164.0, 4967.0, 6047.0, 5745.0, 6227.0, 4901.0, 5146.0, 6343.0, 6447.0, 6101.0]
[8626.0, 8638.0, 8644.0, 8569.0, 8497.0, 8351.0, 8475.0, 8489.0, 8500.0, 8415.0, 8541.0, 8377.0, 8601.0, 8435.0, 8499.0, 8543.0, 8498.0, 8571.0, 8369.0, 8462.0, 8425.0, 8441.0, 8557.0, 8552.0]
[1.0, 14.0, 13154.0, 120.0, 77.0, 1499.0, 169.0, 80.0, 15108.0, 2.0, 8.0, 3686.0, 377.0, 8.0, 18.0, 36.0, 10.0, 11239.0, 1335.0, 87.0, 95.0, 4959.0, 540.0, 263.0]
[6.0, 35.0, 22873.0, 170.0, 135.0, 3596.0, 336.0, 151.0, 20736.0, 4.0, 14.0, 5677.0, 644.0, 12.0, 34.0, 53.0, 20.0, 17157.0, 1840.0, 143.0, 138.0, 6717.0, 764.0, 385.0]
[6.0, 20.0, 19632.0, 231.0, 102.0, 2222.0, 253.0, 122.0, 22854.0, 8.0, 21.0, 5508.0, 565.0, 13.0, 37.0, 66.0, 6.0, 17037.0, 1975.0, 111.0, 130.0, 7400.0, 788.0, 393.0]
[10.0, 58.0, 34436.0, 309.0, 195.0, 5311.0, 497.0, 233.0, 31143.0, 16.0, 26.0, 8543.0, 920.0, 19.0, 59.0, 102.0, 25.0, 25818.0, 2704.0, 209.0, 214.0, 9939.0, 1118.0, 554.0]
0.6477829495345419
best saved average accuracy
best saved worst group 
training epoch :  4
2831.150078058243 seconds for 1 epoch
val loop
[4822.0, 4064.0, 5617.0, 5171.0, 4903.0, 4428.0, 4756.0, 4639.0, 6950.0, 6848.0, 6820.0, 6828.0, 7070.0, 7184.0, 7093.0, 6949.0, 5895.0, 5135.0, 4641.0, 4946.0, 5438.0, 5209.0, 4749.0, 4742.0]
[8753.0, 8312.0, 8578.0, 8379.0, 8374.0, 8513.0, 8443.0, 8369.0, 8529.0, 8441.0, 8521.0, 8530.0, 8457.0, 8481.0, 8497.0, 8425.0, 8620.0, 8624.0, 8581.0, 8452.0, 8442.0, 8723.0, 8590.0, 8441.0]
[0.0, 13.0, 14927.0, 105.0, 71.0, 1852.0, 199.0, 83.0, 16878.0, 3.0, 11.0, 4577.0, 532.0, 12.0, 26.0, 46.0, 11.0, 10023.0, 965.0, 87.0, 90.0, 3959.0, 393.0, 222.0]
[6.0, 35.0, 22873.0, 170.0, 135.0, 3596.0, 336.0, 151.0, 20736.0, 4.0, 14.0, 5677.0, 644.0, 12.0, 34.0, 53.0, 20.0, 17157.0, 1840.0, 143.0, 138.0, 6717.0, 764.0, 385.0]
[6.0, 28.0, 22419.0, 205.0, 100.0, 2754.0, 262.0, 138.0, 25377.0, 12.0, 24.0, 6847.0, 771.0, 16.0, 48.0, 77.0, 9.0, 15101.0, 1420.0, 113.0, 130.0, 5904.0, 596.0, 304.0]
[10.0, 58.0, 34436.0, 309.0, 195.0, 5311.0, 497.0, 233.0, 31143.0, 16.0, 26.0, 8543.0, 920.0, 19.0, 59.0, 102.0, 25.0, 25818.0, 2704.0, 209.0, 214.0, 9939.0, 1118.0, 554.0]
0.6747305242528172
best saved average accuracy
training epoch :  5
2840.2580213546753 seconds for 1 epoch
val loop
[7031.0, 5735.0, 4704.0, 7641.0, 7533.0, 5058.0, 6557.0, 6752.0, 6128.0, 6933.0, 6633.0, 6689.0, 7028.0, 7105.0, 6482.0, 7014.0, 2751.0, 6764.0, 3685.0, 1894.0, 2903.0, 5493.0, 3231.0, 2777.0]
[8357.0, 8615.0, 8481.0, 8576.0, 8458.0, 8450.0, 8573.0, 8413.0, 8355.0, 8539.0, 8569.0, 8522.0, 8475.0, 8690.0, 8417.0, 8533.0, 8522.0, 8407.0, 8640.0, 8640.0, 8480.0, 8447.0, 8460.0, 8456.0]
[4.0, 24.0, 12661.0, 150.0, 119.0, 2234.0, 269.0, 114.0, 15304.0, 2.0, 11.0, 4475.0, 537.0, 11.0, 22.0, 40.0, 5.0, 13653.0, 776.0, 28.0, 42.0, 4251.0, 264.0, 126.0]
[6.0, 35.0, 22873.0, 170.0, 135.0, 3596.0, 336.0, 151.0, 20736.0, 4.0, 14.0, 5677.0, 644.0, 12.0, 34.0, 53.0, 20.0, 17157.0, 1840.0, 143.0, 138.0, 6717.0, 764.0, 385.0]
[10.0, 40.0, 19099.0, 285.0, 163.0, 3175.0, 371.0, 179.0, 23076.0, 11.0, 20.0, 6698.0, 762.0, 15.0, 46.0, 76.0, 1.0, 20586.0, 1152.0, 45.0, 64.0, 6349.0, 404.0, 174.0]
[10.0, 58.0, 34436.0, 309.0, 195.0, 5311.0, 497.0, 233.0, 31143.0, 16.0, 26.0, 8543.0, 920.0, 19.0, 59.0, 102.0, 25.0, 25818.0, 2704.0, 209.0, 214.0, 9939.0, 1118.0, 554.0]
0.6751837334639882
best saved average accuracy
best saved worst group 
training epoch :  6
2835.8163363933563 seconds for 1 epoch
val loop
[5172.0, 6277.0, 5275.0, 6781.0, 6400.0, 5410.0, 6221.0, 6186.0, 6552.0, 4168.0, 4781.0, 5938.0, 5068.0, 4405.0, 4115.0, 4595.0, 6801.0, 6669.0, 6730.0, 5504.0, 6150.0, 6765.0, 6519.0, 6361.0]
[8392.0, 8541.0, 8409.0, 8519.0, 8466.0, 8466.0, 8609.0, 8495.0, 8522.0, 8649.0, 8574.0, 8647.0, 8509.0, 8392.0, 8467.0, 8410.0, 8532.0, 8610.0, 8506.0, 8357.0, 8554.0, 8464.0, 8424.0, 8561.0]
[2.0, 24.0, 14191.0, 132.0, 107.0, 2382.0, 249.0, 107.0, 15884.0, 1.0, 10.0, 3881.0, 381.0, 7.0, 15.0, 33.0, 13.0, 13161.0, 1464.0, 96.0, 99.0, 5335.0, 575.0, 269.0]
[6.0, 35.0, 22873.0, 170.0, 135.0, 3596.0, 336.0, 151.0, 20736.0, 4.0, 14.0, 5677.0, 644.0, 12.0, 34.0, 53.0, 20.0, 17157.0, 1840.0, 143.0, 138.0, 6717.0, 764.0, 385.0]
[7.0, 45.0, 21348.0, 246.0, 142.0, 3422.0, 330.0, 166.0, 23899.0, 5.0, 15.0, 5848.0, 542.0, 8.0, 31.0, 54.0, 14.0, 19776.0, 2127.0, 156.0, 154.0, 7887.0, 846.0, 421.0]
[10.0, 58.0, 34436.0, 309.0, 195.0, 5311.0, 497.0, 233.0, 31143.0, 16.0, 26.0, 8543.0, 920.0, 19.0, 59.0, 102.0, 25.0, 25818.0, 2704.0, 209.0, 214.0, 9939.0, 1118.0, 554.0]
0.7155560999510044
best saved average accuracy
best saved worst group 
training epoch :  7
2855.8114097118378 seconds for 1 epoch
val loop
[7423.0, 6333.0, 5877.0, 7283.0, 7109.0, 5728.0, 6773.0, 7084.0, 6695.0, 6543.0, 6747.0, 6613.0, 6755.0, 7198.0, 6598.0, 6557.0, 4584.0, 6134.0, 5202.0, 3859.0, 4390.0, 5734.0, 5011.0, 4686.0]
[8518.0, 8463.0, 8370.0, 8432.0, 8449.0, 8421.0, 8671.0, 8733.0, 8451.0, 8415.0, 8406.0, 8530.0, 8479.0, 8414.0, 8535.0, 8539.0, 8486.0, 8596.0, 8505.0, 8534.0, 8639.0, 8413.0, 8507.0, 8569.0]
[4.0, 24.0, 15922.0, 145.0, 114.0, 2512.0, 279.0, 113.0, 16485.0, 2.0, 10.0, 4418.0, 500.0, 10.0, 21.0, 39.0, 10.0, 12110.0, 1121.0, 62.0, 74.0, 4511.0, 436.0, 203.0]
[6.0, 35.0, 22873.0, 170.0, 135.0, 3596.0, 336.0, 151.0, 20736.0, 4.0, 14.0, 5677.0, 644.0, 12.0, 34.0, 53.0, 20.0, 17157.0, 1840.0, 143.0, 138.0, 6717.0, 764.0, 385.0]
[9.0, 41.0, 24035.0, 272.0, 156.0, 3632.0, 371.0, 184.0, 24718.0, 8.0, 21.0, 6577.0, 708.0, 11.0, 43.0, 68.0, 7.0, 18229.0, 1610.0, 97.0, 103.0, 6683.0, 643.0, 315.0]
[10.0, 58.0, 34436.0, 309.0, 195.0, 5311.0, 497.0, 233.0, 31143.0, 16.0, 26.0, 8543.0, 920.0, 19.0, 59.0, 102.0, 25.0, 25818.0, 2704.0, 209.0, 214.0, 9939.0, 1118.0, 554.0]
0.7242160705536502
best saved average accuracy
best saved worst group 
training epoch :  8
2763.1147701740265 seconds for 1 epoch
val loop
[6666.0, 5921.0, 6578.0, 6828.0, 6287.0, 5879.0, 6214.0, 6538.0, 6816.0, 6810.0, 7013.0, 6727.0, 6739.0, 6525.0, 6591.0, 6679.0, 6779.0, 5526.0, 5521.0, 5985.0, 6011.0, 5732.0, 5767.0, 5811.0]
[8559.0, 8438.0, 8612.0, 8613.0, 8464.0, 8428.0, 8473.0, 8558.0, 8473.0, 8327.0, 8555.0, 8442.0, 8551.0, 8340.0, 8548.0, 8605.0, 8460.0, 8522.0, 8452.0, 8539.0, 8546.0, 8732.0, 8428.0, 8410.0]
[2.0, 23.0, 17372.0, 129.0, 101.0, 2573.0, 266.0, 103.0, 16731.0, 2.0, 10.0, 4510.0, 503.0, 10.0, 22.0, 38.0, 14.0, 10903.0, 1206.0, 103.0, 103.0, 4392.0, 491.0, 249.0]
[6.0, 35.0, 22873.0, 170.0, 135.0, 3596.0, 336.0, 151.0, 20736.0, 4.0, 14.0, 5677.0, 644.0, 12.0, 34.0, 53.0, 20.0, 17157.0, 1840.0, 143.0, 138.0, 6717.0, 764.0, 385.0]
[7.0, 41.0, 26205.0, 242.0, 142.0, 3729.0, 360.0, 171.0, 25107.0, 7.0, 22.0, 6660.0, 709.0, 10.0, 42.0, 70.0, 16.0, 16441.0, 1754.0, 149.0, 150.0, 6481.0, 741.0, 379.0]
[10.0, 58.0, 34436.0, 309.0, 195.0, 5311.0, 497.0, 233.0, 31143.0, 16.0, 26.0, 8543.0, 920.0, 19.0, 59.0, 102.0, 25.0, 25818.0, 2704.0, 209.0, 214.0, 9939.0, 1118.0, 554.0]
0.7331700146986772
best saved average accuracy
training epoch :  9
2827.5711476802826 seconds for 1 epoch
val loop
[6960.0, 6788.0, 6269.0, 7081.0, 6913.0, 6247.0, 6486.0, 6869.0, 7349.0, 6616.0, 6869.0, 6895.0, 6583.0, 6691.0, 6761.0, 6345.0, 6402.0, 5608.0, 5417.0, 5832.0, 5844.0, 5531.0, 5577.0, 5565.0]
[8620.0, 8461.0, 8598.0, 8470.0, 8494.0, 8485.0, 8369.0, 8514.0, 8495.0, 8499.0, 8518.0, 8577.0, 8585.0, 8543.0, 8495.0, 8534.0, 8384.0, 8557.0, 8565.0, 8592.0, 8442.0, 8447.0, 8340.0, 8491.0]
[3.0, 24.0, 16450.0, 139.0, 107.0, 2696.0, 278.0, 112.0, 17918.0, 2.0, 10.0, 4541.0, 484.0, 9.0, 19.0, 37.0, 12.0, 11050.0, 1198.0, 94.0, 102.0, 4326.0, 483.0, 241.0]
[6.0, 35.0, 22873.0, 170.0, 135.0, 3596.0, 336.0, 151.0, 20736.0, 4.0, 14.0, 5677.0, 644.0, 12.0, 34.0, 53.0, 20.0, 17157.0, 1840.0, 143.0, 138.0, 6717.0, 764.0, 385.0]
[8.0, 48.0, 24841.0, 254.0, 151.0, 3902.0, 376.0, 187.0, 26809.0, 6.0, 21.0, 6762.0, 689.0, 10.0, 41.0, 65.0, 16.0, 16661.0, 1705.0, 146.0, 137.0, 6450.0, 718.0, 367.0]
[10.0, 58.0, 34436.0, 309.0, 195.0, 5311.0, 497.0, 233.0, 31143.0, 16.0, 26.0, 8543.0, 920.0, 19.0, 59.0, 102.0, 25.0, 25818.0, 2704.0, 209.0, 214.0, 9939.0, 1118.0, 554.0]
0.7390372366487016
best saved average accuracy
best saved worst group 
training epoch :  10
2834.8719580173492 seconds for 1 epoch
val loop
[5447.0, 5083.0, 5483.0, 4913.0, 5071.0, 4765.0, 5273.0, 4887.0, 6473.0, 5656.0, 6215.0, 6647.0, 6358.0, 5551.0, 5872.0, 5894.0, 7570.0, 6940.0, 6796.0, 7397.0, 7594.0, 6789.0, 7218.0, 7123.0]
[8455.0, 8517.0, 8378.0, 8652.0, 8648.0, 8594.0, 8674.0, 8384.0, 8544.0, 8507.0, 8529.0, 8599.0, 8516.0, 8709.0, 8558.0, 8381.0, 8266.0, 8562.0, 8464.0, 8373.0, 8365.0, 8413.0, 8550.0, 8437.0]
[1.0, 18.0, 14828.0, 102.0, 82.0, 2051.0, 221.0, 89.0, 15620.0, 2.0, 10.0, 4358.0, 487.0, 9.0, 19.0, 38.0, 17.0, 13664.0, 1460.0, 133.0, 117.0, 5330.0, 621.0, 323.0]
[6.0, 35.0, 22873.0, 170.0, 135.0, 3596.0, 336.0, 151.0, 20736.0, 4.0, 14.0, 5677.0, 644.0, 12.0, 34.0, 53.0, 20.0, 17157.0, 1840.0, 143.0, 138.0, 6717.0, 764.0, 385.0]
[5.0, 35.0, 22377.0, 194.0, 105.0, 2947.0, 274.0, 138.0, 23510.0, 6.0, 21.0, 6470.0, 676.0, 9.0, 39.0, 64.0, 20.0, 20591.0, 2185.0, 191.0, 186.0, 7923.0, 924.0, 470.0]
[10.0, 58.0, 34436.0, 309.0, 195.0, 5311.0, 497.0, 233.0, 31143.0, 16.0, 26.0, 8543.0, 920.0, 19.0, 59.0, 102.0, 25.0, 25818.0, 2704.0, 209.0, 214.0, 9939.0, 1118.0, 554.0]
0.7300342969132778
{"args": {"output_dir": "mnli_out_stage2", "slurm_output_dir": "slurm_outputs", "data_path": "/scratch/paa9751/mlhc-project/new_data", "slurm_partition": null, "max_time": 4320, "num_hparams_seeds": 1, "num_init_seeds": 1, "batch_size": 4, "num_epochs": 40, "weight_decay": 0.001, "lr": 1e-05, "selector": "avg_acc_va", "groupcname": "sns_16", "projectname": "mnli-truegroupDRO", "dataset": "multinli", "method": "dro", "hparams_seed": 0, "eta": 0.1, "up": 6, "T": 2, "init_seed": 0}, "epoch": 10, "time": 3040.559026479721, "acc_tr": [0.644234180958013, 0.5968063872255489, 0.6544521365481022, 0.5678455848358761, 0.5863783533765032, 0.5544565976262509, 0.6079086926446853, 0.5828959923664122, 0.7576076779026217, 0.6648642294580933, 0.7286903505686482, 0.7729968601000117, 0.7465946453734148, 0.6373866115512689, 0.6861416218742696, 0.7032573678558645, 0.915799661263005, 0.8105582807755197, 0.802930056710775, 0.8834348501134599, 0.9078302450687388, 0.806965410673957, 0.8442105263157895, 0.8442574374777765], "avg_acc_tr": 0.7203969128996692, "acc_va": [0.16666666666666666, 0.5142857142857142, 0.6482752590390417, 0.6, 0.6074074074074074, 0.5703559510567296, 0.6577380952380952, 0.5894039735099338, 0.7532793209876543, 0.5, 0.7142857142857143, 0.7676589748106394, 0.7562111801242236, 0.75, 0.5588235294117647, 0.7169811320754716, 0.85, 0.7964096287229702, 0.7934782608695652, 0.9300699300699301, 0.8478260869565217, 0.7935090069971713, 0.81282722513089, 0.8389610389610389], "avg_acc_va": 0.7300342969132778, "acc_te": [0.5, 0.603448275862069, 0.6498141479846672, 0.627831715210356, 0.5384615384615384, 0.5548860854829599, 0.5513078470824949, 0.592274678111588, 0.7549047940147063, 0.375, 0.8076923076923077, 0.7573451948964064, 0.7347826086956522, 0.47368421052631576, 0.6610169491525424, 0.6274509803921569, 0.8, 0.7975443489038655, 0.8080621301775148, 0.9138755980861244, 0.8691588785046729, 0.7971626924237851, 0.8264758497316637, 0.8483754512635379], "avg_acc_te": 0.7297195773244705}
checkpoint saved
training epoch :  11
2792.7955334186554 seconds for 1 epoch
val loop
[6108.0, 5773.0, 7104.0, 5978.0, 5654.0, 6106.0, 6250.0, 6106.0, 5853.0, 6304.0, 6305.0, 5710.0, 5673.0, 6321.0, 5403.0, 5536.0, 7287.0, 5891.0, 6512.0, 7166.0, 7022.0, 6268.0, 6839.0, 6668.0]
[8553.0, 8566.0, 8629.0, 8565.0, 8370.0, 8485.0, 8491.0, 8300.0, 8559.0, 8475.0, 8567.0, 8507.0, 8426.0, 8504.0, 8561.0, 8454.0, 8393.0, 8661.0, 8534.0, 8562.0, 8345.0, 8637.0, 8534.0, 8397.0]
[1.0, 22.0, 18752.0, 116.0, 96.0, 2626.0, 260.0, 101.0, 14181.0, 2.0, 10.0, 3804.0, 421.0, 9.0, 18.0, 37.0, 17.0, 11605.0, 1399.0, 125.0, 113.0, 4844.0, 585.0, 294.0]
[6.0, 35.0, 22873.0, 170.0, 135.0, 3596.0, 336.0, 151.0, 20736.0, 4.0, 14.0, 5677.0, 644.0, 12.0, 34.0, 53.0, 20.0, 17157.0, 1840.0, 143.0, 138.0, 6717.0, 764.0, 385.0]
[7.0, 38.0, 28120.0, 220.0, 122.0, 3819.0, 359.0, 166.0, 21415.0, 6.0, 20.0, 5673.0, 584.0, 10.0, 37.0, 61.0, 19.0, 17444.0, 2043.0, 177.0, 177.0, 7212.0, 859.0, 442.0]
[10.0, 58.0, 34436.0, 309.0, 195.0, 5311.0, 497.0, 233.0, 31143.0, 16.0, 26.0, 8543.0, 920.0, 19.0, 59.0, 102.0, 25.0, 25818.0, 2704.0, 209.0, 214.0, 9939.0, 1118.0, 554.0]
0.7280499755022048
training epoch :  12
2831.5109157562256 seconds for 1 epoch
val loop
[4386.0, 4582.0, 6117.0, 4598.0, 4724.0, 4994.0, 5143.0, 5149.0, 6683.0, 7257.0, 6406.0, 6652.0, 6745.0, 6907.0, 6246.0, 6630.0, 7750.0, 6424.0, 6703.0, 7438.0, 7318.0, 6764.0, 7084.0, 7079.0]
[8453.0, 8512.0, 8570.0, 8601.0, 8434.0, 8637.0, 8539.0, 8673.0, 8536.0, 8472.0, 8491.0, 8626.0, 8668.0, 8448.0, 8341.0, 8546.0, 8474.0, 8417.0, 8383.0, 8406.0, 8422.0, 8452.0, 8487.0, 8487.0]
[1.0, 17.0, 16091.0, 96.0, 79.0, 2113.0, 223.0, 87.0, 16330.0, 3.0, 10.0, 4322.0, 488.0, 10.0, 21.0, 38.0, 18.0, 12858.0, 1464.0, 127.0, 114.0, 5287.0, 606.0, 313.0]
[6.0, 35.0, 22873.0, 170.0, 135.0, 3596.0, 336.0, 151.0, 20736.0, 4.0, 14.0, 5677.0, 644.0, 12.0, 34.0, 53.0, 20.0, 17157.0, 1840.0, 143.0, 138.0, 6717.0, 764.0, 385.0]
[4.0, 34.0, 24208.0, 188.0, 102.0, 3064.0, 279.0, 134.0, 24471.0, 6.0, 23.0, 6440.0, 683.0, 11.0, 39.0, 68.0, 20.0, 19465.0, 2169.0, 183.0, 180.0, 7900.0, 916.0, 450.0]
[10.0, 58.0, 34436.0, 309.0, 195.0, 5311.0, 497.0, 233.0, 31143.0, 16.0, 26.0, 8543.0, 920.0, 19.0, 59.0, 102.0, 25.0, 25818.0, 2704.0, 209.0, 214.0, 9939.0, 1118.0, 554.0]
0.7437040666340029
best saved average accuracy
training epoch :  13
2847.045446395874 seconds for 1 epoch
val loop
[6509.0, 5899.0, 6277.0, 6306.0, 6317.0, 5595.0, 6335.0, 6633.0, 5324.0, 6196.0, 6156.0, 5652.0, 5768.0, 5779.0, 5144.0, 5735.0, 7047.0, 7121.0, 6950.0, 6680.0, 6869.0, 6975.0, 6846.0, 6785.0]
[8437.0, 8442.0, 8524.0, 8554.0, 8511.0, 8433.0, 8431.0, 8573.0, 8523.0, 8402.0, 8591.0, 8631.0, 8588.0, 8658.0, 8364.0, 8434.0, 8496.0, 8545.0, 8628.0, 8459.0, 8483.0, 8460.0, 8427.0, 8481.0]
[2.0, 22.0, 16599.0, 127.0, 102.0, 2429.0, 262.0, 107.0, 12803.0, 2.0, 10.0, 3708.0, 417.0, 7.0, 18.0, 38.0, 17.0, 14235.0, 1464.0, 116.0, 111.0, 5454.0, 594.0, 300.0]
[6.0, 35.0, 22873.0, 170.0, 135.0, 3596.0, 336.0, 151.0, 20736.0, 4.0, 14.0, 5677.0, 644.0, 12.0, 34.0, 53.0, 20.0, 17157.0, 1840.0, 143.0, 138.0, 6717.0, 764.0, 385.0]
[7.0, 40.0, 25033.0, 240.0, 138.0, 3523.0, 356.0, 174.0, 19360.0, 5.0, 19.0, 5494.0, 582.0, 8.0, 37.0, 59.0, 17.0, 21416.0, 2129.0, 167.0, 165.0, 8127.0, 886.0, 443.0]
[10.0, 58.0, 34436.0, 309.0, 195.0, 5311.0, 497.0, 233.0, 31143.0, 16.0, 26.0, 8543.0, 920.0, 19.0, 59.0, 102.0, 25.0, 25818.0, 2704.0, 209.0, 214.0, 9939.0, 1118.0, 554.0]
0.7219990200881921
training epoch :  14
2866.7135870456696 seconds for 1 epoch
val loop
[7940.0, 6545.0, 6528.0, 6334.0, 6545.0, 6090.0, 6490.0, 6506.0, 6379.0, 7039.0, 7021.0, 6041.0, 6255.0, 6471.0, 6711.0, 6630.0, 6692.0, 6496.0, 6650.0, 6615.0, 6586.0, 6476.0, 6663.0, 6383.0]
[8540.0, 8596.0, 8410.0, 8432.0, 8531.0, 8348.0, 8673.0, 8510.0, 8449.0, 8621.0, 8586.0, 8383.0, 8420.0, 8404.0, 8426.0, 8590.0, 8600.0, 8580.0, 8596.0, 8562.0, 8551.0, 8372.0, 8570.0, 8325.0]
[3.0, 24.0, 17530.0, 126.0, 98.0, 2651.0, 264.0, 108.0, 15378.0, 3.0, 10.0, 4025.0, 461.0, 10.0, 21.0, 38.0, 15.0, 12812.0, 1405.0, 110.0, 108.0, 5147.0, 568.0, 286.0]
[6.0, 35.0, 22873.0, 170.0, 135.0, 3596.0, 336.0, 151.0, 20736.0, 4.0, 14.0, 5677.0, 644.0, 12.0, 34.0, 53.0, 20.0, 17157.0, 1840.0, 143.0, 138.0, 6717.0, 764.0, 385.0]
[8.0, 44.0, 26434.0, 240.0, 139.0, 3846.0, 353.0, 173.0, 23140.0, 7.0, 23.0, 6040.0, 647.0, 10.0, 40.0, 62.0, 17.0, 19390.0, 2043.0, 160.0, 156.0, 7652.0, 838.0, 417.0]
[10.0, 58.0, 34436.0, 309.0, 195.0, 5311.0, 497.0, 233.0, 31143.0, 16.0, 26.0, 8543.0, 920.0, 19.0, 59.0, 102.0, 25.0, 25818.0, 2704.0, 209.0, 214.0, 9939.0, 1118.0, 554.0]
0.7496447819696227
best saved average accuracy
best saved worst group 
training epoch :  15
2774.7716233730316 seconds for 1 epoch
val loop
[6601.0, 6021.0, 6080.0, 5845.0, 5899.0, 5669.0, 6043.0, 6341.0, 6278.0, 6350.0, 6650.0, 5704.0, 6130.0, 5630.0, 6150.0, 6148.0, 7579.0, 7032.0, 6885.0, 7396.0, 7279.0, 7045.0, 6858.0, 6930.0]
[8545.0, 8545.0, 8443.0, 8531.0, 8456.0, 8520.0, 8450.0, 8576.0, 8598.0, 8718.0, 8642.0, 8309.0, 8629.0, 8463.0, 8445.0, 8372.0, 8501.0, 8444.0, 8487.0, 8547.0, 8455.0, 8538.0, 8329.0, 8532.0]
[2.0, 23.0, 16136.0, 118.0, 95.0, 2437.0, 253.0, 101.0, 15001.0, 2.0, 10.0, 3877.0, 437.0, 9.0, 18.0, 36.0, 17.0, 14117.0, 1475.0, 126.0, 114.0, 5473.0, 607.0, 308.0]
[6.0, 35.0, 22873.0, 170.0, 135.0, 3596.0, 336.0, 151.0, 20736.0, 4.0, 14.0, 5677.0, 644.0, 12.0, 34.0, 53.0, 20.0, 17157.0, 1840.0, 143.0, 138.0, 6717.0, 764.0, 385.0]
[7.0, 40.0, 24354.0, 219.0, 123.0, 3527.0, 337.0, 167.0, 22560.0, 5.0, 23.0, 5792.0, 611.0, 9.0, 39.0, 60.0, 18.0, 21264.0, 2153.0, 174.0, 187.0, 8142.0, 908.0, 450.0]
[10.0, 58.0, 34436.0, 309.0, 195.0, 5311.0, 497.0, 233.0, 31143.0, 16.0, 26.0, 8543.0, 920.0, 19.0, 59.0, 102.0, 25.0, 25818.0, 2704.0, 209.0, 214.0, 9939.0, 1118.0, 554.0]
0.7446349828515434
training epoch :  16
2870.3833725452423 seconds for 1 epoch
val loop
[6035.0, 4885.0, 6274.0, 4654.0, 4933.0, 5234.0, 5583.0, 5438.0, 6567.0, 5025.0, 5877.0, 6001.0, 5752.0, 4563.0, 5189.0, 5526.0, 8226.0, 6733.0, 7496.0, 7716.0, 7982.0, 7122.0, 7586.0, 7757.0]
[8404.0, 8296.0, 8582.0, 8358.0, 8545.0, 8453.0, 8559.0, 8543.0, 8504.0, 8486.0, 8648.0, 8559.0, 8483.0, 8337.0, 8486.0, 8453.0, 8479.0, 8477.0, 8666.0, 8468.0, 8602.0, 8591.0, 8474.0, 8622.0]
[1.0, 17.0, 16590.0, 100.0, 83.0, 2257.0, 233.0, 92.0, 15822.0, 2.0, 10.0, 3984.0, 411.0, 7.0, 16.0, 33.0, 18.0, 13379.0, 1577.0, 135.0, 121.0, 5520.0, 657.0, 335.0]
[6.0, 35.0, 22873.0, 170.0, 135.0, 3596.0, 336.0, 151.0, 20736.0, 4.0, 14.0, 5677.0, 644.0, 12.0, 34.0, 53.0, 20.0, 17157.0, 1840.0, 143.0, 138.0, 6717.0, 764.0, 385.0]
[5.0, 36.0, 24857.0, 196.0, 103.0, 3287.0, 305.0, 146.0, 23706.0, 5.0, 19.0, 5944.0, 589.0, 9.0, 35.0, 51.0, 21.0, 20228.0, 2315.0, 193.0, 195.0, 8198.0, 971.0, 493.0]
[10.0, 58.0, 34436.0, 309.0, 195.0, 5311.0, 497.0, 233.0, 31143.0, 16.0, 26.0, 8543.0, 920.0, 19.0, 59.0, 102.0, 25.0, 25818.0, 2704.0, 209.0, 214.0, 9939.0, 1118.0, 554.0]
0.7520823125918668
best saved average accuracy
training epoch :  17
2875.7856106758118 seconds for 1 epoch
val loop
[6891.0, 5994.0, 6899.0, 5800.0, 6196.0, 6198.0, 6398.0, 6289.0, 7125.0, 6930.0, 7334.0, 6737.0, 6775.0, 6633.0, 6917.0, 6943.0, 6864.0, 5939.0, 6192.0, 7218.0, 7044.0, 6129.0, 6448.0, 6445.0]
[8512.0, 8545.0, 8581.0, 8441.0, 8579.0, 8433.0, 8435.0, 8344.0, 8644.0, 8473.0, 8676.0, 8507.0, 8429.0, 8614.0, 8453.0, 8349.0, 8586.0, 8476.0, 8457.0, 8565.0, 8644.0, 8527.0, 8433.0, 8372.0]
[2.0, 22.0, 18052.0, 119.0, 96.0, 2651.0, 260.0, 104.0, 16978.0, 3.0, 10.0, 4440.0, 497.0, 10.0, 20.0, 41.0, 18.0, 11837.0, 1331.0, 120.0, 111.0, 4764.0, 556.0, 284.0]
[6.0, 35.0, 22873.0, 170.0, 135.0, 3596.0, 336.0, 151.0, 20736.0, 4.0, 14.0, 5677.0, 644.0, 12.0, 34.0, 53.0, 20.0, 17157.0, 1840.0, 143.0, 138.0, 6717.0, 764.0, 385.0]
[7.0, 39.0, 27169.0, 227.0, 127.0, 3843.0, 349.0, 174.0, 25419.0, 7.0, 23.0, 6571.0, 696.0, 11.0, 41.0, 66.0, 19.0, 17866.0, 1932.0, 169.0, 173.0, 7103.0, 835.0, 413.0]
[10.0, 58.0, 34436.0, 309.0, 195.0, 5311.0, 497.0, 233.0, 31143.0, 16.0, 26.0, 8543.0, 920.0, 19.0, 59.0, 102.0, 25.0, 25818.0, 2704.0, 209.0, 214.0, 9939.0, 1118.0, 554.0]
0.7634247917687408
best saved average accuracy
training epoch :  18
2842.6114888191223 seconds for 1 epoch
val loop
[6942.0, 6412.0, 6819.0, 5890.0, 6309.0, 6341.0, 6055.0, 6388.0, 7187.0, 7221.0, 7182.0, 7233.0, 7099.0, 7198.0, 7079.0, 7389.0, 6822.0, 5677.0, 5802.0, 7197.0, 6882.0, 5726.0, 6254.0, 6203.0]
[8593.0, 8409.0, 8660.0, 8497.0, 8665.0, 8468.0, 8375.0, 8573.0, 8532.0, 8463.0, 8539.0, 8562.0, 8354.0, 8470.0, 8537.0, 8524.0, 8470.0, 8315.0, 8372.0, 8531.0, 8605.0, 8529.0, 8543.0, 8489.0]
[1.0, 23.0, 17878.0, 117.0, 98.0, 2723.0, 256.0, 107.0, 17435.0, 3.0, 10.0, 4796.0, 526.0, 11.0, 22.0, 40.0, 17.0, 11380.0, 1253.0, 120.0, 111.0, 4498.0, 544.0, 276.0]
[6.0, 35.0, 22873.0, 170.0, 135.0, 3596.0, 336.0, 151.0, 20736.0, 4.0, 14.0, 5677.0, 644.0, 12.0, 34.0, 53.0, 20.0, 17157.0, 1840.0, 143.0, 138.0, 6717.0, 764.0, 385.0]
[7.0, 43.0, 26919.0, 225.0, 130.0, 3949.0, 340.0, 174.0, 26112.0, 9.0, 23.0, 7116.0, 751.0, 12.0, 43.0, 73.0, 18.0, 17180.0, 1829.0, 169.0, 170.0, 6622.0, 792.0, 405.0]
[10.0, 58.0, 34436.0, 309.0, 195.0, 5311.0, 497.0, 233.0, 31143.0, 16.0, 26.0, 8543.0, 920.0, 19.0, 59.0, 102.0, 25.0, 25818.0, 2704.0, 209.0, 214.0, 9939.0, 1118.0, 554.0]
0.7624326310632044
training epoch :  19
