wandb: Currently logged in as: pooja-aryamane (suff-nuisance-stats). Use `wandb login --relogin` to force relogin
wandb: wandb version 0.17.4 is available!  To upgrade, please run:
wandb:  $ pip install wandb --upgrade
wandb: Tracking run with wandb version 0.16.0
wandb: Run data is saved locally in /scratch/paa9751/mlhc-project/wandb/run-20240712_154612-59omiwbl
wandb: Run `wandb offline` to turn off syncing.
wandb: Syncing run stage2_epochs_40+batch_size_4+lr_1e-05+wd_0.001
wandb: ⭐️ View project at https://wandb.ai/suff-nuisance-stats/mnli-truegroupDRO
wandb: 🚀 View run at https://wandb.ai/suff-nuisance-stats/mnli-truegroupDRO/runs/59omiwbl
Some weights of BertForSequenceClassification were not initialized from the model checkpoint at bert-base-uncased and are newly initialized: ['classifier.bias', 'classifier.weight']
You should probably TRAIN this model on a down-stream task to be able to use it for predictions and inference.
Traceback (most recent call last):
  File "/scratch/paa9751/mlhc-project/BalancingGroups/train-stage2.py", line 211, in <module>
    run_experiment(command)
  File "/scratch/paa9751/mlhc-project/BalancingGroups/train-stage2.py", line 144, in run_experiment
    avg_acc, group_accs = model.accuracy(loader)
                          ^^^^^^^^^^^^^^^^^^^^^^
  File "/scratch/paa9751/mlhc-project/BalancingGroups/models.py", line 209, in accuracy
    [c/t for c, t in zip(corrects, totals)]
  File "/scratch/paa9751/mlhc-project/BalancingGroups/models.py", line 209, in <listcomp>
    [c/t for c, t in zip(corrects, totals)]
     ~^~
ZeroDivisionError: float division by zero
wandb: 
wandb: Run history:
wandb: avg_train_loss ▁
wandb:   avg_val_loss ▁
wandb: 
wandb: Run summary:
wandb: avg_train_loss 0.1823
wandb:   avg_val_loss 0.80457
wandb: 
wandb: 🚀 View run stage2_epochs_40+batch_size_4+lr_1e-05+wd_0.001 at: https://wandb.ai/suff-nuisance-stats/mnli-truegroupDRO/runs/59omiwbl
wandb: Synced 6 W&B file(s), 0 media file(s), 0 artifact file(s) and 0 other file(s)
wandb: Find logs at: ./wandb/run-20240712_154612-59omiwbl/logs
