training started
train loss = 0, group 0 -  0.9145081222057343
train loss = 0, group 1 -  0.7988095700740814
train loss = 0, group 2 -  0.661559619307518
train loss = 0, group 3 -  0.6076590394973755
train loss = 0, group 4 -  0.562483332157135
train loss = 0, group 5 -  0.5409982943534851
train loss = 0, group 6 -  0.5473916727304459
train loss = 0, group 7 -  0.5310593980550766
train loss = 0, group 8 -  0.507059987783432
train loss = 0, group 9 -  0.5303611189126969
train loss = 0, group 10 -  0.5007074373960495
train loss = 0, group 11 -  0.4926889055967331
train loss = 0, group 12 -  0.5092206257581711
train loss = 0, group 13 -  0.47577709197998047
train loss = 0, group 14 -  0.4592032641172409
train loss = 0, group 15 -  0.4298038500547409
val loop
WORST GROUP ACCURACY =  0.03305785123966942
0.03305785123966942
train loss = 1, group 0 -  0.8770805060863495
train loss = 1, group 1 -  0.8088464969396592
train loss = 1, group 2 -  0.5874375885725022
train loss = 1, group 3 -  0.5368624252080917
train loss = 1, group 4 -  0.48957512736320496
train loss = 1, group 5 -  0.46474364697933196
train loss = 1, group 6 -  0.45611655950546265
train loss = 1, group 7 -  0.45694218277931214
train loss = 1, group 8 -  0.4127420723438263
train loss = 1, group 9 -  0.43374206364154816
train loss = 1, group 10 -  0.41754188686609267
train loss = 1, group 11 -  0.40576541393995286
train loss = 1, group 12 -  0.4129610377550125
train loss = 1, group 13 -  0.37908193171024324
train loss = 1, group 14 -  0.33854054391384125
train loss = 1, group 15 -  0.28711306005716325
val loop
WORST GROUP ACCURACY =  0.5289256198347108
0.5289256198347108
train loss = 2, group 0 -  0.8472353857755661
train loss = 2, group 1 -  0.7325982594490051
train loss = 2, group 2 -  0.5523052817583084
train loss = 2, group 3 -  0.4936990940570831
train loss = 2, group 4 -  0.46882799208164216
train loss = 2, group 5 -  0.4611811774969101
train loss = 2, group 6 -  0.4451651519536972
train loss = 2, group 7 -  0.4466699442267418
train loss = 2, group 8 -  0.42217148274183275
train loss = 2, group 9 -  0.42015930950641633
train loss = 2, group 10 -  0.3941125878691673
train loss = 2, group 11 -  0.3813997682929039
train loss = 2, group 12 -  0.37546744018793105
train loss = 2, group 13 -  0.3608973959088326
train loss = 2, group 14 -  0.3216224905848503
train loss = 2, group 15 -  0.2713980010151863
val loop
WORST GROUP ACCURACY =  0.4628099173553719
train loss = 3, group 0 -  0.8462988072633744
train loss = 3, group 1 -  0.7109240233898163
train loss = 3, group 2 -  0.522177512049675
train loss = 3, group 3 -  0.4893776392936707
train loss = 3, group 4 -  0.43223970890045166
train loss = 3, group 5 -  0.4167727252840996
train loss = 3, group 6 -  0.4268366405367851
train loss = 3, group 7 -  0.4130603700876236
train loss = 3, group 8 -  0.3808429619669914
train loss = 3, group 9 -  0.38531895488500595
train loss = 3, group 10 -  0.37928063571453097
train loss = 3, group 11 -  0.36336507976055143
train loss = 3, group 12 -  0.3548371976613998
train loss = 3, group 13 -  0.33039867609739304
train loss = 3, group 14 -  0.2815332874655724
train loss = 3, group 15 -  0.263820326179266
val loop
WORST GROUP ACCURACY =  0.024793388429752067
train loss = 4, group 0 -  0.7448608130216599
train loss = 4, group 1 -  0.6897591531276703
train loss = 4, group 2 -  0.514443610906601
train loss = 4, group 3 -  0.4513787525892258
train loss = 4, group 4 -  0.4278702947497368
train loss = 4, group 5 -  0.40155448138713834
train loss = 4, group 6 -  0.4076606035232544
train loss = 4, group 7 -  0.40254819989204405
train loss = 4, group 8 -  0.37332785815000535
train loss = 4, group 9 -  0.38998656362295153
train loss = 4, group 10 -  0.35510134816169736
train loss = 4, group 11 -  0.3420540511608124
train loss = 4, group 12 -  0.3372886437177658
train loss = 4, group 13 -  0.3037100656330585
train loss = 4, group 14 -  0.28680174142122267
train loss = 4, group 15 -  0.2299454028904438
val loop
WORST GROUP ACCURACY =  0.18181818181818182
train loss = 5, group 0 -  0.7527448526024818
train loss = 5, group 1 -  0.6584766370058059
train loss = 5, group 2 -  0.4881880712509155
train loss = 5, group 3 -  0.4613822531700134
train loss = 5, group 4 -  0.40232466250658033
train loss = 5, group 5 -  0.37718343049287795
train loss = 5, group 6 -  0.39923774093389514
train loss = 5, group 7 -  0.3976059114933014
train loss = 5, group 8 -  0.3678308543562889
train loss = 5, group 9 -  0.35590762704610823
train loss = 5, group 10 -  0.34255017757415773
train loss = 5, group 11 -  0.3295508974790573
train loss = 5, group 12 -  0.32504677414894106
train loss = 5, group 13 -  0.296899721622467
train loss = 5, group 14 -  0.2690464425086975
train loss = 5, group 15 -  0.23588083639740945
val loop
WORST GROUP ACCURACY =  0.5463917525773195
0.5463917525773195
train loss = 6, group 0 -  0.7203779035806656
train loss = 6, group 1 -  0.6256864386796951
train loss = 6, group 2 -  0.45681663423776625
train loss = 6, group 3 -  0.4405665594339371
train loss = 6, group 4 -  0.39392241448163984
train loss = 6, group 5 -  0.3933566769957542
train loss = 6, group 6 -  0.3798464062809944
train loss = 6, group 7 -  0.3789292269945145
train loss = 6, group 8 -  0.3430069467425346
train loss = 6, group 9 -  0.3654111042618752
train loss = 6, group 10 -  0.34234779059886933
train loss = 6, group 11 -  0.3113004603981972
train loss = 6, group 12 -  0.3292037358880043
train loss = 6, group 13 -  0.3020582661032677
train loss = 6, group 14 -  0.2642935140430927
train loss = 6, group 15 -  0.21102021127939224
val loop
WORST GROUP ACCURACY =  0.1958762886597938
train loss = 7, group 0 -  0.6792698815464974
train loss = 7, group 1 -  0.6092873606085777
train loss = 7, group 2 -  0.42587349474430086
train loss = 7, group 3 -  0.39892394065856934
train loss = 7, group 4 -  0.3787611323595047
train loss = 7, group 5 -  0.3914917400479317
train loss = 7, group 6 -  0.36265987157821655
train loss = 7, group 7 -  0.35480121195316316
train loss = 7, group 8 -  0.3559146422147751
train loss = 7, group 9 -  0.3491555765271187
train loss = 7, group 10 -  0.3199296277761459
train loss = 7, group 11 -  0.3213760542869568
train loss = 7, group 12 -  0.3011637029051781
train loss = 7, group 13 -  0.2782955840229988
train loss = 7, group 14 -  0.24761403426527978
train loss = 7, group 15 -  0.21105248361825943
val loop
WORST GROUP ACCURACY =  0.15702479338842976
train loss = 8, group 0 -  0.6341573648154736
train loss = 8, group 1 -  0.5323362645506858
train loss = 8, group 2 -  0.4299890884757042
train loss = 8, group 3 -  0.3616863966733217
train loss = 8, group 4 -  0.3458279054239392
train loss = 8, group 5 -  0.31452618539333344
train loss = 8, group 6 -  0.3233446615934372
train loss = 8, group 7 -  0.3349027691781521
train loss = 8, group 8 -  0.2974926793575287
train loss = 8, group 9 -  0.3120249484479427
train loss = 8, group 10 -  0.286031511425972
train loss = 8, group 11 -  0.2583375683426857
train loss = 8, group 12 -  0.2646661926805973
train loss = 8, group 13 -  0.23715052127838135
train loss = 8, group 14 -  0.2083519758284092
train loss = 8, group 15 -  0.15763313710689544
val loop
WORST GROUP ACCURACY =  0.0743801652892562
train loss = 9, group 0 -  0.5605935546010733
train loss = 9, group 1 -  0.5458073166012763
train loss = 9, group 2 -  0.40790133863687517
train loss = 9, group 3 -  0.3508849912881851
train loss = 9, group 4 -  0.31421960562467577
train loss = 9, group 5 -  0.29030421808362006
train loss = 9, group 6 -  0.2968826122581959
train loss = 9, group 7 -  0.3102677236497402
train loss = 9, group 8 -  0.28949515759944916
train loss = 9, group 9 -  0.29700966000556944
train loss = 9, group 10 -  0.29090618044137956
train loss = 9, group 11 -  0.25939966812729837
train loss = 9, group 12 -  0.25705072537064555
train loss = 9, group 13 -  0.23047647006809713
train loss = 9, group 14 -  0.20961899869143963
train loss = 9, group 15 -  0.1547797367721796
val loop
WORST GROUP ACCURACY =  0.23711340206185566
train loss = 10, group 0 -  0.6190543383359909
train loss = 10, group 1 -  0.4972189658880234
train loss = 10, group 2 -  0.38342138171195983
train loss = 10, group 3 -  0.3754146237671375
train loss = 10, group 4 -  0.32523557245731355
train loss = 10, group 5 -  0.3093668320775032
train loss = 10, group 6 -  0.29506625890731814
train loss = 10, group 7 -  0.30532130137085917
train loss = 10, group 8 -  0.2803071834146976
train loss = 10, group 9 -  0.2953066881000996
train loss = 10, group 10 -  0.2573069478571415
train loss = 10, group 11 -  0.2713659916818142
train loss = 10, group 12 -  0.2770002701878548
train loss = 10, group 13 -  0.22697734475135803
train loss = 10, group 14 -  0.20073013827204705
train loss = 10, group 15 -  0.156553423255682
val loop
WORST GROUP ACCURACY =  0.1134020618556701
train loss = 11, group 0 -  0.509561613947153
train loss = 11, group 1 -  0.4947927701473236
train loss = 11, group 2 -  0.3578192934393883
train loss = 11, group 3 -  0.29074698001146315
train loss = 11, group 4 -  0.28523823387920855
train loss = 11, group 5 -  0.27634275168180467
train loss = 11, group 6 -  0.2777850691974163
train loss = 11, group 7 -  0.29066405415534974
train loss = 11, group 8 -  0.2555568927526474
train loss = 11, group 9 -  0.27879436433315274
train loss = 11, group 10 -  0.24746394477784633
train loss = 11, group 11 -  0.2552299878001213
train loss = 11, group 12 -  0.24968591049313546
train loss = 11, group 13 -  0.2141511158645153
train loss = 11, group 14 -  0.18759401381015778
train loss = 11, group 15 -  0.1368814742565155
val loop
WORST GROUP ACCURACY =  0.0
train loss = 12, group 0 -  0.6443232385069132
train loss = 12, group 1 -  0.5732306277751923
train loss = 12, group 2 -  0.44893073856830595
train loss = 12, group 3 -  0.4123385173082352
train loss = 12, group 4 -  0.4016910257935524
train loss = 12, group 5 -  0.36298940420150755
train loss = 12, group 6 -  0.3762881577014923
train loss = 12, group 7 -  0.3622441238164902
train loss = 12, group 8 -  0.32903094828128815
train loss = 12, group 9 -  0.3430293609201908
train loss = 12, group 10 -  0.32321416690945626
train loss = 12, group 11 -  0.3185305565595627
train loss = 12, group 12 -  0.3058171222358942
train loss = 12, group 13 -  0.2869954639673233
train loss = 12, group 14 -  0.28074839830398557
train loss = 12, group 15 -  0.2305874201655388
val loop
WORST GROUP ACCURACY =  0.4297520661157025
train loss = 13, group 0 -  0.5498903199285269
train loss = 13, group 1 -  0.4877983564138412
train loss = 13, group 2 -  0.33713202327489855
train loss = 13, group 3 -  0.3364602567255497
train loss = 13, group 4 -  0.2976673345267773
train loss = 13, group 5 -  0.3022928996384144
train loss = 13, group 6 -  0.2565359526872635
train loss = 13, group 7 -  0.2654578027129173
train loss = 13, group 8 -  0.2507801225781441
train loss = 13, group 9 -  0.25951639726758
train loss = 13, group 10 -  0.238750392049551
train loss = 13, group 11 -  0.24638096675276755
train loss = 13, group 12 -  0.24728902235627173
train loss = 13, group 13 -  0.1979524827748537
train loss = 13, group 14 -  0.1995108300447464
train loss = 13, group 15 -  0.15290923327207565
val loop
WORST GROUP ACCURACY =  0.35051546391752575
train loss = 14, group 0 -  0.5056358303129673
train loss = 14, group 1 -  0.3766428841650486
train loss = 14, group 2 -  0.33279955327510835
train loss = 14, group 3 -  0.3062348732352257
train loss = 14, group 4 -  0.27646040126681326
train loss = 14, group 5 -  0.26462340041995047
train loss = 14, group 6 -  0.2603499536216259
train loss = 14, group 7 -  0.25435264930129053
train loss = 14, group 8 -  0.24154719948768616
train loss = 14, group 9 -  0.2502948495745659
train loss = 14, group 10 -  0.2489723466336727
train loss = 14, group 11 -  0.24262212097644806
train loss = 14, group 12 -  0.23119419980794192
train loss = 14, group 13 -  0.21171177238225936
train loss = 14, group 14 -  0.18973488070070743
train loss = 14, group 15 -  0.12992957405745983
val loop
WORST GROUP ACCURACY =  0.010309278350515464
train loss = 15, group 0 -  0.4255796901136637
train loss = 15, group 1 -  0.36874287724494936
train loss = 15, group 2 -  0.35148171715438364
train loss = 15, group 3 -  0.2837207192182541
train loss = 15, group 4 -  0.252452235519886
train loss = 15, group 5 -  0.22778908662498
train loss = 15, group 6 -  0.23328359611332417
train loss = 15, group 7 -  0.2718170124292374
train loss = 15, group 8 -  0.25126193039119243
train loss = 15, group 9 -  0.24285890698432921
train loss = 15, group 10 -  0.2019683703035116
train loss = 15, group 11 -  0.188819939494133
train loss = 15, group 12 -  0.20934687562286855
train loss = 15, group 13 -  0.16357646439224482
train loss = 15, group 14 -  0.16350415863096715
train loss = 15, group 15 -  0.11317959014326334
val loop
WORST GROUP ACCURACY =  0.18556701030927836
train loss = 16, group 0 -  0.4575180068146437
train loss = 16, group 1 -  0.3750808020681143
train loss = 16, group 2 -  0.27952069021761417
train loss = 16, group 3 -  0.2639137183129787
train loss = 16, group 4 -  0.26183730736374855
train loss = 16, group 5 -  0.22232510030269623
train loss = 16, group 6 -  0.23975560799241066
train loss = 16, group 7 -  0.21906229972839356
train loss = 16, group 8 -  0.2049896565824747
train loss = 16, group 9 -  0.22018072493374347
train loss = 16, group 10 -  0.2138047616928816
train loss = 16, group 11 -  0.20669169187545777
train loss = 16, group 12 -  0.21176922634243966
train loss = 16, group 13 -  0.17004227094352245
train loss = 16, group 14 -  0.18043460503220557
train loss = 16, group 15 -  0.1135124185308814
val loop
WORST GROUP ACCURACY =  0.30578512396694213
train loss = 17, group 0 -  0.4503822360111743
train loss = 17, group 1 -  0.37240066051483156
train loss = 17, group 2 -  0.33581804478541016
train loss = 17, group 3 -  0.24767087921500205
train loss = 17, group 4 -  0.23173988357186318
train loss = 17, group 5 -  0.23193407006561756
train loss = 17, group 6 -  0.22907014548778534
train loss = 17, group 7 -  0.24125525191426278
train loss = 17, group 8 -  0.2085324650257826
train loss = 17, group 9 -  0.21718686193227768
train loss = 17, group 10 -  0.2103842878341675
train loss = 17, group 11 -  0.20210613816976547
train loss = 17, group 12 -  0.21000243991613388
train loss = 17, group 13 -  0.1779754138737917
train loss = 17, group 14 -  0.15161285072565078
train loss = 17, group 15 -  0.12419639393687248
val loop
WORST GROUP ACCURACY =  0.12396694214876033
train loss = 18, group 0 -  0.5658694381639361
train loss = 18, group 1 -  0.4633246172964573
train loss = 18, group 2 -  0.35667290464043616
train loss = 18, group 3 -  0.34610019385814667
train loss = 18, group 4 -  0.29782447338104245
train loss = 18, group 5 -  0.3316724534332752
train loss = 18, group 6 -  0.3086942735314369
train loss = 18, group 7 -  0.31296724259853365
train loss = 18, group 8 -  0.28908843591809275
train loss = 18, group 9 -  0.2923698543012142
train loss = 18, group 10 -  0.2812056465446949
train loss = 18, group 11 -  0.28789574339985846
train loss = 18, group 12 -  0.2648498548567295
train loss = 18, group 13 -  0.2660426487028599
train loss = 18, group 14 -  0.2245918893814087
train loss = 18, group 15 -  0.17056422606110572
val loop
WORST GROUP ACCURACY =  0.08247422680412371
train loss = 19, group 0 -  0.5339493234455586
train loss = 19, group 1 -  0.3865472894906998
train loss = 19, group 2 -  0.3350396762788296
train loss = 19, group 3 -  0.3129286275804043
train loss = 19, group 4 -  0.2908515264093876
train loss = 19, group 5 -  0.27294071540236475
train loss = 19, group 6 -  0.2704352666437626
train loss = 19, group 7 -  0.2739037775993347
train loss = 19, group 8 -  0.2343499282747507
train loss = 19, group 9 -  0.25641417503356934
train loss = 19, group 10 -  0.21959415405988694
train loss = 19, group 11 -  0.25391611278057097
train loss = 19, group 12 -  0.20508308365941047
train loss = 19, group 13 -  0.20620808854699135
train loss = 19, group 14 -  0.17917804673314094
train loss = 19, group 15 -  0.13723317056894302
val loop
WORST GROUP ACCURACY =  0.19834710743801653
train loss = 20, group 0 -  0.46457168623805045
train loss = 20, group 1 -  0.36002233542501927
train loss = 20, group 2 -  0.27567476868629454
train loss = 20, group 3 -  0.24361652731895447
train loss = 20, group 4 -  0.2607362034916878
train loss = 20, group 5 -  0.24299258947372437
train loss = 20, group 6 -  0.22292219042778016
train loss = 20, group 7 -  0.23973360940814017
train loss = 20, group 8 -  0.22110745698213577
train loss = 20, group 9 -  0.22970756843686105
train loss = 20, group 10 -  0.2201005743443966
train loss = 20, group 11 -  0.20892155319452285
train loss = 20, group 12 -  0.18108235090970992
train loss = 20, group 13 -  0.17383243896067144
train loss = 20, group 14 -  0.15272683784365654
train loss = 20, group 15 -  0.13262989036738873
val loop
WORST GROUP ACCURACY =  0.32231404958677684
train loss = 21, group 0 -  0.41483201645314693
train loss = 21, group 1 -  0.3617347624152899
train loss = 21, group 2 -  0.2861700607091188
train loss = 21, group 3 -  0.26372604444622993
train loss = 21, group 4 -  0.21466058883816003
train loss = 21, group 5 -  0.23490220218896865
train loss = 21, group 6 -  0.1920044006407261
train loss = 21, group 7 -  0.22122313112020492
train loss = 21, group 8 -  0.21293461881577969
train loss = 21, group 9 -  0.184499564319849
train loss = 21, group 10 -  0.17236519601196051
train loss = 21, group 11 -  0.17899783134460448
train loss = 21, group 12 -  0.19712683822959662
train loss = 21, group 13 -  0.15463500306010247
train loss = 21, group 14 -  0.14345946557819844
train loss = 21, group 15 -  0.1188428914360702
val loop
WORST GROUP ACCURACY =  0.21649484536082475
train loss = 22, group 0 -  0.41338058430701496
train loss = 22, group 1 -  0.3512324339710176
train loss = 22, group 2 -  0.29728580847382546
train loss = 22, group 3 -  0.25768982604146
train loss = 22, group 4 -  0.257727437466383
train loss = 22, group 5 -  0.22966140918433667
train loss = 22, group 6 -  0.2127967581897974
train loss = 22, group 7 -  0.23204026773571967
train loss = 22, group 8 -  0.1794156866520643
train loss = 22, group 9 -  0.21316182628273964
train loss = 22, group 10 -  0.1887258383631706
train loss = 22, group 11 -  0.15915751963853836
train loss = 22, group 12 -  0.1923942591995001
train loss = 22, group 13 -  0.15891448192298413
train loss = 22, group 14 -  0.15894911848008633
train loss = 22, group 15 -  0.10807874899357557
val loop
WORST GROUP ACCURACY =  0.2231404958677686
train loss = 23, group 0 -  0.38544267900288104
train loss = 23, group 1 -  0.3568107791244984
train loss = 23, group 2 -  0.22950073756277561
train loss = 23, group 3 -  0.21326813861727714
train loss = 23, group 4 -  0.2066279560700059
train loss = 23, group 5 -  0.19672760635614395
train loss = 23, group 6 -  0.21524372704327108
train loss = 23, group 7 -  0.23410033635795116
train loss = 23, group 8 -  0.18033093571662903
train loss = 23, group 9 -  0.19084801599383355
train loss = 23, group 10 -  0.1693971748650074
train loss = 23, group 11 -  0.18604925498366356
train loss = 23, group 12 -  0.1680219342559576
train loss = 23, group 13 -  0.13888304989784955
train loss = 23, group 14 -  0.13355878304690122
train loss = 23, group 15 -  0.09756317872554064
val loop
WORST GROUP ACCURACY =  0.2975206611570248
train loss = 24, group 0 -  0.3878918154537678
train loss = 24, group 1 -  0.3869953405857086
train loss = 24, group 2 -  0.2723801077902317
train loss = 24, group 3 -  0.2334355665743351
train loss = 24, group 4 -  0.2083397650718689
train loss = 24, group 5 -  0.2107459433376789
train loss = 24, group 6 -  0.21342784903943537
train loss = 24, group 7 -  0.22289172865450382
train loss = 24, group 8 -  0.19187284111976624
train loss = 24, group 9 -  0.1968267785012722
train loss = 24, group 10 -  0.2012060847133398
train loss = 24, group 11 -  0.1979374346137047
train loss = 24, group 12 -  0.19002323307096958
train loss = 24, group 13 -  0.17490913808345795
train loss = 24, group 14 -  0.14470924358814954
train loss = 24, group 15 -  0.11446130968630314
val loop
WORST GROUP ACCURACY =  0.39669421487603307
train loss = 25, group 0 -  0.3999029047787189
train loss = 25, group 1 -  0.406514745131135
train loss = 25, group 2 -  0.2755678853392601
train loss = 25, group 3 -  0.2227725838124752
train loss = 25, group 4 -  0.2271972544491291
train loss = 25, group 5 -  0.2168179403245449
train loss = 25, group 6 -  0.21680665977299213
train loss = 25, group 7 -  0.2106013710051775
train loss = 25, group 8 -  0.2290824358165264
train loss = 25, group 9 -  0.2206411164999008
train loss = 25, group 10 -  0.22475270986557006
train loss = 25, group 11 -  0.19062166631221772
train loss = 25, group 12 -  0.18117711707949638
train loss = 25, group 13 -  0.16644927501678466
train loss = 25, group 14 -  0.15587290294468403
train loss = 25, group 15 -  0.11530576974153518
val loop
WORST GROUP ACCURACY =  0.25773195876288657
train loss = 26, group 0 -  0.40013653032329616
train loss = 26, group 1 -  0.3404829919780605
train loss = 26, group 2 -  0.23082835383713246
train loss = 26, group 3 -  0.23434187673032283
train loss = 26, group 4 -  0.19796402350068093
train loss = 26, group 5 -  0.2058160638809204
train loss = 26, group 6 -  0.20677065514028073
train loss = 26, group 7 -  0.21608642473816872
train loss = 26, group 8 -  0.17750009760260582
train loss = 26, group 9 -  0.1836756022274494
train loss = 26, group 10 -  0.1640996066108346
train loss = 26, group 11 -  0.17161925703287126
train loss = 26, group 12 -  0.16382679291069507
train loss = 26, group 13 -  0.15447634667158128
train loss = 26, group 14 -  0.11874127820134163
train loss = 26, group 15 -  0.08604438483715057
val loop
WORST GROUP ACCURACY =  0.2809917355371901
train loss = 27, group 0 -  0.40097354501485827
train loss = 27, group 1 -  0.41132569398730995
train loss = 27, group 2 -  0.23250864390283824
train loss = 27, group 3 -  0.20825733870267868
train loss = 27, group 4 -  0.18483556743711232
train loss = 27, group 5 -  0.2048974046111107
train loss = 27, group 6 -  0.2042955867946148
train loss = 27, group 7 -  0.20236859444528818
train loss = 27, group 8 -  0.18452624075114726
train loss = 27, group 9 -  0.20104453057050706
train loss = 27, group 10 -  0.18274887904524803
train loss = 27, group 11 -  0.18766215719282628
train loss = 27, group 12 -  0.16406322084367275
train loss = 27, group 13 -  0.16298758625984192
train loss = 27, group 14 -  0.14667898572981358
train loss = 27, group 15 -  0.1253644582629204
val loop
WORST GROUP ACCURACY =  0.2975206611570248
train loss = 28, group 0 -  0.41781615003943445
train loss = 28, group 1 -  0.3121175538748503
train loss = 28, group 2 -  0.23862201251089574
train loss = 28, group 3 -  0.2198561157286167
train loss = 28, group 4 -  0.2152423734217882
train loss = 28, group 5 -  0.20428590960800647
train loss = 28, group 6 -  0.16557602994143963
train loss = 28, group 7 -  0.1989321729540825
train loss = 28, group 8 -  0.2001536089926958
train loss = 28, group 9 -  0.1859981383383274
train loss = 28, group 10 -  0.1878499349951744
train loss = 28, group 11 -  0.17255171194672583
train loss = 28, group 12 -  0.17996842861175538
train loss = 28, group 13 -  0.15756098300218582
train loss = 28, group 14 -  0.12762296989560126
train loss = 28, group 15 -  0.10219779565930366
val loop
WORST GROUP ACCURACY =  0.34710743801652894
train loss = 29, group 0 -  0.391912701651454
train loss = 29, group 1 -  0.3456126308813691
train loss = 29, group 2 -  0.22810121260583402
train loss = 29, group 3 -  0.19849744569510222
train loss = 29, group 4 -  0.19316937014460564
train loss = 29, group 5 -  0.17872633285820483
train loss = 29, group 6 -  0.17387327007949352
train loss = 29, group 7 -  0.19138996604830028
train loss = 29, group 8 -  0.15952154390513898
train loss = 29, group 9 -  0.17508667826652527
train loss = 29, group 10 -  0.15838831340894102
train loss = 29, group 11 -  0.16577418737113475
train loss = 29, group 12 -  0.14522679433226585
train loss = 29, group 13 -  0.15753788813948633
train loss = 29, group 14 -  0.13479730039834975
train loss = 29, group 15 -  0.09740991190075875
val loop
WORST GROUP ACCURACY =  0.4132231404958678
train loss = 30, group 0 -  0.40924897480756045
train loss = 30, group 1 -  0.30686791021376847
train loss = 30, group 2 -  0.23930476360023023
train loss = 30, group 3 -  0.20741643771529197
train loss = 30, group 4 -  0.1818067205697298
train loss = 30, group 5 -  0.19868511110544204
train loss = 30, group 6 -  0.169557738956064
train loss = 30, group 7 -  0.18292087480425834
train loss = 30, group 8 -  0.1856632885336876
train loss = 30, group 9 -  0.17974896252155304
train loss = 30, group 10 -  0.16358213445171713
train loss = 30, group 11 -  0.16418026849627496
train loss = 30, group 12 -  0.15348071284592152
train loss = 30, group 13 -  0.14037896893918514
train loss = 30, group 14 -  0.13924076318740844
train loss = 30, group 15 -  0.09616949127987028
val loop
WORST GROUP ACCURACY =  0.2231404958677686
train loss = 31, group 0 -  0.33430544555187225
train loss = 31, group 1 -  0.33415938244666904
train loss = 31, group 2 -  0.2469674188643694
train loss = 31, group 3 -  0.18503638060763478
train loss = 31, group 4 -  0.18335594967007637
train loss = 31, group 5 -  0.1833089192584157
train loss = 31, group 6 -  0.17311949264258147
train loss = 31, group 7 -  0.1643315903842449
train loss = 31, group 8 -  0.15176905155181886
train loss = 31, group 9 -  0.16468985378742218
train loss = 31, group 10 -  0.16351200945675373
train loss = 31, group 11 -  0.14973978094756604
train loss = 31, group 12 -  0.14314408626407385
train loss = 31, group 13 -  0.1264496961981058
train loss = 31, group 14 -  0.1179615937359631
train loss = 31, group 15 -  0.08826914697885513
val loop
WORST GROUP ACCURACY =  0.20618556701030927
