training started
Epoch 1 : Group loss = [0.7856005  0.49581453], Group Count = [12. 36.]
Epoch 2 : Group loss = [0.7726933 0.5312277], Group Count = [17. 31.]
Epoch 3 : Group loss = [0.7497615  0.58787215], Group Count = [15. 33.]
Epoch 4 : Group loss = [0.70725745 0.50224566], Group Count = [15. 33.]
Epoch 5 : Group loss = [0.6998141  0.39498302], Group Count = [17. 31.]
Epoch 6 : Group loss = [0.6184936 0.5546353], Group Count = [13. 35.]
Epoch 7 : Group loss = [0.47411036 0.47312373], Group Count = [19. 29.]
Epoch 8 : Group loss = [0.48082477 0.3292173 ], Group Count = [13. 35.]
Epoch 9 : Group loss = [0.40052995 0.38170347], Group Count = [18. 30.]
Epoch 10 : Group loss = [0.76022166 0.42613283], Group Count = [12. 36.]
Epoch 11 : Group loss = [0.628544  0.2798851], Group Count = [ 9. 39.]
Epoch 12 : Group loss = [0.56086975 0.37351605], Group Count = [13. 35.]
Epoch 13 : Group loss = [0.46696052 0.35219553], Group Count = [15. 33.]
Epoch 14 : Group loss = [0.58980626 0.4065801 ], Group Count = [17. 31.]
Epoch 15 : Group loss = [0.6120769  0.29350844], Group Count = [19. 29.]
Epoch 16 : Group loss = [0.69551456 0.30305472], Group Count = [14. 34.]
Epoch 17 : Group loss = [0.5818408  0.47380003], Group Count = [14. 34.]
Epoch 18 : Group loss = [0.55744886 0.3938092 ], Group Count = [13. 35.]
Epoch 19 : Group loss = [0.6841696  0.31902987], Group Count = [21. 27.]
Epoch 20 : Group loss = [0.37825617 0.30303764], Group Count = [14. 34.]
Epoch 21 : Group loss = [0.7690362  0.24850732], Group Count = [15. 33.]
Epoch 22 : Group loss = [0.7190608  0.47953337], Group Count = [14. 34.]
Epoch 23 : Group loss = [0.3674656 0.5238092], Group Count = [14. 34.]
Epoch 24 : Group loss = [0.6771538  0.41585678], Group Count = [13. 35.]
Epoch 25 : Group loss = [0.6392929  0.24059549], Group Count = [16. 32.]
Epoch 26 : Group loss = [0.83033466 0.2599362 ], Group Count = [13. 35.]
Epoch 27 : Group loss = [0.5415221  0.33135486], Group Count = [14. 34.]
Epoch 28 : Group loss = [0.71757996 0.37430736], Group Count = [14. 34.]
Epoch 29 : Group loss = [0.49810594 0.31286836], Group Count = [14. 34.]
Epoch 30 : Group loss = [0.7733572  0.34436315], Group Count = [11. 37.]
Epoch 31 : Group loss = [0.5261542 0.3236031], Group Count = [13. 35.]
Epoch 32 : Group loss = [0.57382226 0.31596735], Group Count = [18. 30.]
Epoch 33 : Group loss = [0.71127594 0.27610493], Group Count = [14. 34.]
Epoch 34 : Group loss = [0.43743992 0.24757004], Group Count = [10. 38.]
Epoch 35 : Group loss = [0.47168708 0.26444253], Group Count = [14. 34.]
Epoch 36 : Group loss = [0.21593828 0.2631072 ], Group Count = [ 7. 41.]
Epoch 37 : Group loss = [0.6837239 0.3491677], Group Count = [17. 31.]
Epoch 38 : Group loss = [0.36831945 0.3075994 ], Group Count = [18. 30.]
Epoch 39 : Group loss = [0.8841789  0.28581682], Group Count = [15. 33.]
Epoch 40 : Group loss = [0.49723014 0.280266  ], Group Count = [11. 37.]
Epoch 41 : Group loss = [0.34943    0.24602726], Group Count = [12. 36.]
Epoch 42 : Group loss = [0.57413906 0.25217873], Group Count = [18. 30.]
Epoch 43 : Group loss = [0.50426203 0.26419768], Group Count = [14. 34.]
Epoch 44 : Group loss = [0.40560094 0.28513613], Group Count = [10. 38.]
Epoch 45 : Group loss = [0.43993   0.3221444], Group Count = [15. 33.]
Epoch 46 : Group loss = [0.728101   0.31283867], Group Count = [12. 36.]
Epoch 47 : Group loss = [0.6202692  0.28391227], Group Count = [13. 35.]
Epoch 48 : Group loss = [0.61730963 0.28249556], Group Count = [12. 36.]
Epoch 49 : Group loss = [0.5981525  0.22823991], Group Count = [11. 37.]
