wandb: Currently logged in as: pooja-aryamane (suff-nuisance-stats). Use `wandb login --relogin` to force relogin
wandb: wandb version 0.16.5 is available!  To upgrade, please run:
wandb:  $ pip install wandb --upgrade
wandb: Tracking run with wandb version 0.16.0
wandb: Run data is saved locally in /scratch/paa9751/mlhc-project/wandb/run-20240326_113011-57o7nbzp
wandb: Run `wandb offline` to turn off syncing.
wandb: Syncing run vivid-eon-6
wandb: ⭐️ View project at https://wandb.ai/suff-nuisance-stats/stage-2-sns-training
wandb: 🚀 View run at https://wandb.ai/suff-nuisance-stats/stage-2-sns-training/runs/57o7nbzp
Traceback (most recent call last):
  File "/scratch/paa9751/mlhc-project/train_gdro.py", line 349, in <module>
    start_training_robust(args, model, train_dataloader, val_dataloader, device)
  File "/scratch/paa9751/mlhc-project/train_gdro.py", line 110, in start_training_robust
    train_loss_by_group[g.item()]+=group_loss[g.item()].item()
    ~~~~~~~~~~~~~~~~~~~^^^^^^^^^^
KeyError: 4
wandb: 🚀 View run vivid-eon-6 at: https://wandb.ai/suff-nuisance-stats/stage-2-sns-training/runs/57o7nbzp
wandb: ️⚡ View job at https://wandb.ai/suff-nuisance-stats/stage-2-sns-training/jobs/QXJ0aWZhY3RDb2xsZWN0aW9uOjE1MjUzMDMzNg==/version_details/v2
wandb: Synced 6 W&B file(s), 0 media file(s), 2 artifact file(s) and 0 other file(s)
wandb: Find logs at: ./wandb/run-20240326_113011-57o7nbzp/logs
