training started
Epoch 1 : Group loss = [0.7611937  0.60692775 0.         0.7541195 ], Group Count = [11. 23.  0. 14.]
Epoch 2 : Group loss = [0.7274464 0.6000832 0.        0.633266 ], Group Count = [14. 23.  0. 11.]
Epoch 3 : Group loss = [0.7703374  0.6854833  0.59537613 0.69269097], Group Count = [10. 23.  2. 13.]
Epoch 4 : Group loss = [0.6712259  0.5493931  0.7009795  0.63193864], Group Count = [ 8. 18.  1. 21.]
Epoch 5 : Group loss = [0.75937253 0.5533042  0.54052615 0.57076705], Group Count = [12. 16.  2. 18.]
Epoch 6 : Group loss = [0.6952166  0.56453836 0.6907348  0.6165239 ], Group Count = [ 9. 20.  1. 18.]
Epoch 7 : Group loss = [0.6401552  0.58722043 0.68493396 0.58960927], Group Count = [13. 19.  1. 15.]
Epoch 8 : Group loss = [0.5913528  0.57599825 0.80427104 0.60482705], Group Count = [ 4. 26.  3. 15.]
Epoch 9 : Group loss = [0.5106855  0.55520105 0.5674838  0.49476063], Group Count = [ 9. 18.  4. 17.]
Epoch 10 : Group loss = [0.5899909  0.5558953  0.53774893 0.6138017 ], Group Count = [ 7. 25.  1. 15.]
Epoch 11 : Group loss = [0.6792106 0.5187606 1.3069509 0.5722946], Group Count = [ 6. 30.  1. 11.]
Epoch 12 : Group loss = [0.6230883  0.4999708  1.0471212  0.66906804], Group Count = [ 7. 19.  1. 21.]
Epoch 13 : Group loss = [0.6836615  0.5475669  0.53813577 0.52696824], Group Count = [ 6. 21.  5. 16.]
Epoch 14 : Group loss = [0.6902788 0.5939009 0.        0.6548292], Group Count = [ 9. 24.  0. 15.]
Epoch 15 : Group loss = [0.5222916  0.5679151  0.89372164 0.4937112 ], Group Count = [11. 19.  3. 15.]
Epoch 16 : Group loss = [0.72136    0.6126471  0.84151477 0.6513208 ], Group Count = [ 7. 25.  3. 13.]
Epoch 17 : Group loss = [0.725295   0.6212603  0.7810144  0.57162446], Group Count = [ 8. 24.  1. 15.]
Epoch 18 : Group loss = [0.70413333 0.52596647 0.58930683 0.5455932 ], Group Count = [ 7. 24.  1. 16.]
Epoch 19 : Group loss = [0.6650633 0.5702612 0.5707168 0.6909724], Group Count = [ 9. 20.  5. 14.]
Epoch 20 : Group loss = [0.51857734 0.5306187  0.         0.619384  ], Group Count = [ 8. 26.  0. 14.]
Epoch 21 : Group loss = [0.73475623 0.56157243 0.7438403  0.60000736], Group Count = [11. 23.  2. 12.]
Epoch 22 : Group loss = [0.65488815 0.66918886 0.77316403 0.6475718 ], Group Count = [ 7. 19.  3. 19.]
Epoch 23 : Group loss = [0.69683355 0.65846485 0.5104867  0.641964  ], Group Count = [ 9. 26.  2. 11.]
Epoch 24 : Group loss = [0.47706938 0.5756834  0.64486855 0.56070226], Group Count = [ 4. 25.  4. 15.]
Epoch 25 : Group loss = [0.7682263  0.48810577 0.53967756 0.6233534 ], Group Count = [ 6. 20.  4. 18.]
Epoch 26 : Group loss = [0.896527   0.53568304 0.5564557  0.5339964 ], Group Count = [ 9. 23.  2. 14.]
Epoch 27 : Group loss = [0.7770096  0.6154178  1.0069814  0.59932554], Group Count = [ 9. 26.  1. 12.]
Epoch 28 : Group loss = [0.6721341 0.6087692 0.9275613 0.5692505], Group Count = [ 6. 25.  3. 14.]
Epoch 29 : Group loss = [0.5313715  0.53761435 0.48732817 0.46924314], Group Count = [10. 18.  1. 19.]
Epoch 30 : Group loss = [0.8704465 0.5203424 0.        0.7088417], Group Count = [ 7. 25.  0. 16.]
Epoch 31 : Group loss = [0.6221796  0.51270556 1.0450921  0.5325334 ], Group Count = [ 7. 21.  2. 18.]
Epoch 32 : Group loss = [0.78168654 0.60549456 0.6624048  0.5969039 ], Group Count = [ 9. 14.  3. 22.]
Epoch 33 : Group loss = [0.5804337  0.5090486  0.         0.54453135], Group Count = [ 4. 21.  0. 23.]
Epoch 34 : Group loss = [0.46197134 0.50351703 0.62803626 0.6507229 ], Group Count = [ 5. 27.  1. 15.]
Epoch 35 : Group loss = [0.78220725 0.5409314  0.         0.6770883 ], Group Count = [ 8. 23.  0. 17.]
Epoch 36 : Group loss = [0.59602934 0.43976238 0.         0.5160752 ], Group Count = [ 5. 22.  0. 21.]
Epoch 37 : Group loss = [0.7264578  0.55110407 0.7587596  0.5292321 ], Group Count = [12. 23.  1. 12.]
Epoch 38 : Group loss = [0.6238903  0.44830576 0.7512161  0.5835953 ], Group Count = [10. 17.  2. 19.]
Epoch 39 : Group loss = [0.8654352  0.6203218  0.5918392  0.49228147], Group Count = [ 9. 21.  4. 14.]
Epoch 40 : Group loss = [0.63866425 0.50538135 1.1569381  0.52208865], Group Count = [ 4. 26.  2. 16.]
Epoch 41 : Group loss = [0.47610506 0.44768178 0.71797854 0.5235221 ], Group Count = [ 7. 21.  2. 18.]
Epoch 42 : Group loss = [0.8844347  0.50918275 0.7803014  0.51659447], Group Count = [10. 21.  3. 14.]
Epoch 43 : Group loss = [0.5740993  0.42913648 0.43224674 0.58201534], Group Count = [ 8. 23.  2. 15.]
Epoch 44 : Group loss = [0.6411317  0.48961774 0.5544659  0.61991775], Group Count = [ 7. 25.  1. 15.]
Epoch 45 : Group loss = [0.5377579  0.50094336 0.5618639  0.51661706], Group Count = [ 6. 18.  2. 22.]
Epoch 46 : Group loss = [0.50272363 0.514571   0.6560412  0.53996086], Group Count = [ 7. 22.  4. 15.]
Epoch 47 : Group loss = [0.8835113  0.55838114 0.5847167  0.4651035 ], Group Count = [ 6. 26.  5. 11.]
Epoch 48 : Group loss = [0.60212237 0.49632922 0.8303189  0.43350345], Group Count = [ 7. 20.  3. 18.]
Epoch 49 : Group loss = [0.68853384 0.40739185 0.28804305 0.40890217], Group Count = [ 6. 17.  2. 23.]
Epoch 50 : Group loss = [0.50582665 0.5370787  0.5485018  0.4723308 ], Group Count = [ 6. 21.  2. 19.]
Epoch 51 : Group loss = [0.48905367 0.47007445 0.         0.49668923], Group Count = [10. 26.  0. 12.]
Epoch 52 : Group loss = [0.6613122  0.44154945 0.73288965 0.33719128], Group Count = [13. 18.  1. 16.]
